<?xml version="1.0" encoding="UTF-8"?>
<coverage generated="1572741789160" clover="3.2.0">
  <project timestamp="1572741789160" name="All files">
    <metrics statements="63" coveredstatements="63" conditionals="6" coveredconditionals="6" methods="23" coveredmethods="23" elements="92" coveredelements="92" complexity="0" loc="63" ncloc="63" packages="1" files="1" classes="1"/>
    <file name="automapper.ts" path="/Users/chautran/Code/Projects/@nartc/automapper/src/automapper.ts">
      <metrics statements="63" coveredstatements="63" conditionals="6" coveredconditionals="6" methods="23" coveredmethods="23"/>
      <line num="1" count="1" type="stmt"/>
      <line num="2" count="1" type="stmt"/>
      <line num="17" count="1" type="stmt"/>
      <line num="23" count="1" type="stmt"/>
      <line num="24" count="1" type="stmt"/>
      <line num="30" count="1" type="stmt"/>
      <line num="31" count="2" type="stmt"/>
      <line num="35" count="7" type="cond" truecount="2" falsecount="0"/>
      <line num="36" count="7" type="stmt"/>
      <line num="37" count="7" type="cond" truecount="2" falsecount="0"/>
      <line num="38" count="1" type="stmt"/>
      <line num="63" count="2" type="stmt"/>
      <line num="64" count="2" type="stmt"/>
      <line num="66" count="1" type="stmt"/>
      <line num="75" count="1" type="stmt"/>
      <line num="78" count="2" type="stmt"/>
      <line num="107" count="1" type="stmt"/>
      <line num="108" count="14" type="cond" truecount="2" falsecount="0"/>
      <line num="109" count="1" type="stmt"/>
      <line num="114" count="13" type="stmt"/>
      <line num="115" count="13" type="stmt"/>
      <line num="116" count="13" type="stmt"/>
      <line num="132" count="1" type="stmt"/>
      <line num="140" count="16" type="stmt"/>
      <line num="145" count="16" type="stmt"/>
      <line num="150" count="16" type="stmt"/>
      <line num="168" count="1" type="stmt"/>
      <line num="176" count="6" type="stmt"/>
      <line num="177" count="6" type="stmt"/>
      <line num="196" count="1" type="stmt"/>
      <line num="204" count="1" type="stmt"/>
      <line num="205" count="1" type="stmt"/>
      <line num="226" count="1" type="stmt"/>
      <line num="234" count="1" type="stmt"/>
      <line num="235" count="1" type="stmt"/>
      <line num="257" count="1" type="stmt"/>
      <line num="265" count="1" type="stmt"/>
      <line num="266" count="1" type="stmt"/>
      <line num="284" count="10" type="stmt"/>
      <line num="285" count="10" type="stmt"/>
      <line num="286" count="13" type="stmt"/>
      <line num="288" count="10" type="stmt"/>
      <line num="291" count="16" type="stmt"/>
      <line num="297" count="16" type="stmt"/>
      <line num="298" count="16" type="stmt"/>
      <line num="300" count="17" type="stmt"/>
      <line num="308" count="1" type="stmt"/>
      <line num="309" count="1" type="stmt"/>
      <line num="312" count="1" type="stmt"/>
      <line num="313" count="1" type="stmt"/>
      <line num="316" count="5" type="stmt"/>
      <line num="317" count="5" type="stmt"/>
      <line num="321" count="16" type="stmt"/>
      <line num="324" count="1" type="stmt"/>
      <line num="333" count="5" type="stmt"/>
      <line num="335" count="7" type="stmt"/>
      <line num="343" count="1" type="stmt"/>
      <line num="344" count="1" type="stmt"/>
      <line num="347" count="1" type="stmt"/>
      <line num="348" count="1" type="stmt"/>
      <line num="352" count="5" type="stmt"/>
      <line num="354" count="1" type="stmt"/>
      <line num="356" count="1" type="stmt"/>
    </file>
  </project>
</coverage>
