{"/Users/chautran/Code/Projects/@nartc/automapper/src/automapper.ts": {"path":"/Users/chautran/Code/Projects/@nartc/automapper/src/automapper.ts","statementMap":{"0":{"start":{"line":1,"column":0},"end":{"line":1,"column":40}},"1":{"start":{"line":2,"column":0},"end":{"line":2,"column":null}},"2":{"start":{"line":17,"column":0},"end":{"line":17,"column":null}},"3":{"start":{"line":23,"column":0},"end":{"line":23,"column":null}},"4":{"start":{"line":23,"column":32},"end":{"line":23,"column":46}},"5":{"start":{"line":35,"column":4},"end":{"line":35,"column":null}},"6":{"start":{"line":36,"column":4},"end":{"line":36,"column":24}},"7":{"start":{"line":37,"column":4},"end":{"line":39,"column":null}},"8":{"start":{"line":38,"column":6},"end":{"line":38,"column":34}},"9":{"start":{"line":30,"column":16},"end":{"line":32,"column":null}},"10":{"start":{"line":31,"column":4},"end":{"line":31,"column":26}},"11":{"start":{"line":62,"column":9},"end":{"line":78,"column":null}},"12":{"start":{"line":62,"column":2},"end":{"line":62,"column":9}},"13":{"start":{"line":63,"column":45},"end":{"line":76,"column":6}},"14":{"start":{"line":65,"column":8},"end":{"line":65,"column":40}},"15":{"start":{"line":74,"column":8},"end":{"line":74,"column":51}},"16":{"start":{"line":77,"column":4},"end":{"line":77,"column":22}},"17":{"start":{"line":105,"column":9},"end":{"line":115,"column":null}},"18":{"start":{"line":106,"column":4},"end":{"line":110,"column":null}},"19":{"start":{"line":107,"column":6},"end":{"line":109,"column":8}},"20":{"start":{"line":112,"column":4},"end":{"line":112,"column":28}},"21":{"start":{"line":113,"column":4},"end":{"line":113,"column":65}},"22":{"start":{"line":114,"column":4},"end":{"line":114,"column":16}},"23":{"start":{"line":129,"column":9},"end":{"line":142,"column":null}},"24":{"start":{"line":135,"column":4},"end":{"line":138,"column":null}},"25":{"start":{"line":140,"column":21},"end":{"line":140,"column":77}},"26":{"start":{"line":141,"column":4},"end":{"line":141,"column":56}},"27":{"start":{"line":158,"column":9},"end":{"line":168,"column":null}},"28":{"start":{"line":166,"column":20},"end":{"line":166,"column":64}},"29":{"start":{"line":167,"column":4},"end":{"line":167,"column":51}},"30":{"start":{"line":184,"column":9},"end":{"line":194,"column":null}},"31":{"start":{"line":192,"column":20},"end":{"line":192,"column":64}},"32":{"start":{"line":193,"column":4},"end":{"line":193,"column":56}},"33":{"start":{"line":213,"column":9},"end":{"line":223,"column":null}},"34":{"start":{"line":221,"column":20},"end":{"line":221,"column":64}},"35":{"start":{"line":222,"column":4},"end":{"line":222,"column":56}},"36":{"start":{"line":242,"column":9},"end":{"line":252,"column":null}},"37":{"start":{"line":250,"column":20},"end":{"line":250,"column":64}},"38":{"start":{"line":251,"column":4},"end":{"line":251,"column":61}},"39":{"start":{"line":269,"column":9},"end":{"line":274,"column":null}},"40":{"start":{"line":269,"column":2},"end":{"line":269,"column":9}},"41":{"start":{"line":270,"column":4},"end":{"line":272,"column":7}},"42":{"start":{"line":271,"column":6},"end":{"line":271,"column":33}},"43":{"start":{"line":273,"column":4},"end":{"line":273,"column":21}},"44":{"start":{"line":276,"column":10},"end":{"line":307,"column":null}},"45":{"start":{"line":276,"column":2},"end":{"line":276,"column":10}},"46":{"start":{"line":282,"column":4},"end":{"line":282,"column":42}},"47":{"start":{"line":283,"column":78},"end":{"line":304,"column":6}},"48":{"start":{"line":285,"column":8},"end":{"line":290,"column":10}},"49":{"start":{"line":293,"column":8},"end":{"line":293,"column":41}},"50":{"start":{"line":294,"column":8},"end":{"line":294,"column":32}},"51":{"start":{"line":297,"column":8},"end":{"line":297,"column":40}},"52":{"start":{"line":298,"column":8},"end":{"line":298,"column":32}},"53":{"start":{"line":301,"column":32},"end":{"line":301,"column":75}},"54":{"start":{"line":302,"column":8},"end":{"line":302,"column":75}},"55":{"start":{"line":306,"column":4},"end":{"line":306,"column":28}},"56":{"start":{"line":309,"column":10},"end":{"line":338,"column":null}},"57":{"start":{"line":318,"column":8},"end":{"line":335,"column":6}},"58":{"start":{"line":320,"column":8},"end":{"line":325,"column":10}},"59":{"start":{"line":328,"column":8},"end":{"line":328,"column":41}},"60":{"start":{"line":329,"column":8},"end":{"line":329,"column":40}},"61":{"start":{"line":332,"column":8},"end":{"line":332,"column":40}},"62":{"start":{"line":333,"column":8},"end":{"line":333,"column":40}},"63":{"start":{"line":337,"column":4},"end":{"line":337,"column":36}},"64":{"start":{"line":24,"column":17},"end":{"line":24,"column":58}},"65":{"start":{"line":339,"column":0},"end":{"line":339,"column":null}},"66":{"start":{"line":23,"column":13},"end":{"line":23,"column":23}},"67":{"start":{"line":341,"column":13},"end":{"line":341,"column":47}}},"fnMap":{"0":{"name":"(anonymous_0)","decl":{"start":{"line":23,"column":0},"end":{"line":23,"column":13}},"loc":{"start":{"line":23,"column":0},"end":{"line":23,"column":13}}},"1":{"name":"AutoMapper","decl":{"start":{"line":34,"column":2},"end":{"line":34,"column":null}},"loc":{"start":{"line":34,"column":2},"end":{"line":40,"column":3}}},"2":{"name":"(anonymous_2)","decl":{"start":{"line":30,"column":2},"end":{"line":30,"column":16}},"loc":{"start":{"line":30,"column":2},"end":{"line":32,"column":3}}},"3":{"name":"(anonymous_3)","decl":{"start":{"line":62,"column":2},"end":{"line":62,"column":9}},"loc":{"start":{"line":62,"column":71},"end":{"line":78,"column":3}}},"4":{"name":"(anonymous_4)","decl":{"start":{"line":64,"column":18},"end":{"line":64,"column":19}},"loc":{"start":{"line":64,"column":42},"end":{"line":66,"column":7}}},"5":{"name":"(anonymous_5)","decl":{"start":{"line":67,"column":17},"end":{"line":67,"column":null}},"loc":{"start":{"line":72,"column":48},"end":{"line":75,"column":7}}},"6":{"name":"(anonymous_6)","decl":{"start":{"line":105,"column":2},"end":{"line":105,"column":9}},"loc":{"start":{"line":105,"column":43},"end":{"line":115,"column":3}}},"7":{"name":"(anonymous_7)","decl":{"start":{"line":129,"column":2},"end":{"line":129,"column":9}},"loc":{"start":{"line":138,"column":5},"end":{"line":142,"column":3}}},"8":{"name":"(anonymous_8)","decl":{"start":{"line":158,"column":2},"end":{"line":158,"column":9}},"loc":{"start":{"line":164,"column":53},"end":{"line":168,"column":3}}},"9":{"name":"(anonymous_9)","decl":{"start":{"line":184,"column":2},"end":{"line":184,"column":9}},"loc":{"start":{"line":190,"column":53},"end":{"line":194,"column":3}}},"10":{"name":"(anonymous_10)","decl":{"start":{"line":213,"column":2},"end":{"line":213,"column":9}},"loc":{"start":{"line":219,"column":57},"end":{"line":223,"column":3}}},"11":{"name":"(anonymous_11)","decl":{"start":{"line":242,"column":2},"end":{"line":242,"column":9}},"loc":{"start":{"line":248,"column":57},"end":{"line":252,"column":3}}},"12":{"name":"(anonymous_12)","decl":{"start":{"line":269,"column":2},"end":{"line":269,"column":9}},"loc":{"start":{"line":269,"column":2},"end":{"line":274,"column":3}}},"13":{"name":"(anonymous_13)","decl":{"start":{"line":270,"column":40},"end":{"line":270,"column":43}},"loc":{"start":{"line":270,"column":43},"end":{"line":272,"column":5}}},"14":{"name":"(anonymous_14)","decl":{"start":{"line":276,"column":2},"end":{"line":276,"column":10}},"loc":{"start":{"line":280,"column":43},"end":{"line":307,"column":3}}},"15":{"name":"(anonymous_15)","decl":{"start":{"line":284,"column":17},"end":{"line":284,"column":18}},"loc":{"start":{"line":284,"column":38},"end":{"line":291,"column":7}}},"16":{"name":"(anonymous_16)","decl":{"start":{"line":292,"column":17},"end":{"line":292,"column":23}},"loc":{"start":{"line":292,"column":23},"end":{"line":295,"column":7}}},"17":{"name":"(anonymous_17)","decl":{"start":{"line":296,"column":16},"end":{"line":296,"column":22}},"loc":{"start":{"line":296,"column":22},"end":{"line":299,"column":7}}},"18":{"name":"(anonymous_18)","decl":{"start":{"line":300,"column":18},"end":{"line":300,"column":null}},"loc":{"start":{"line":300,"column":18},"end":{"line":303,"column":7}}},"19":{"name":"(anonymous_19)","decl":{"start":{"line":309,"column":2},"end":{"line":309,"column":10}},"loc":{"start":{"line":313,"column":43},"end":{"line":338,"column":3}}},"20":{"name":"(anonymous_20)","decl":{"start":{"line":319,"column":15},"end":{"line":319,"column":16}},"loc":{"start":{"line":319,"column":36},"end":{"line":326,"column":7}}},"21":{"name":"(anonymous_21)","decl":{"start":{"line":327,"column":17},"end":{"line":327,"column":23}},"loc":{"start":{"line":327,"column":23},"end":{"line":330,"column":7}}},"22":{"name":"(anonymous_22)","decl":{"start":{"line":331,"column":16},"end":{"line":331,"column":22}},"loc":{"start":{"line":331,"column":22},"end":{"line":334,"column":7}}}},"branchMap":{"0":{"loc":{"start":{"line":35,"column":4},"end":{"line":35,"column":11}},"type":"binary-expr","locations":[{"start":{"line":35,"column":4},"end":{"line":35,"column":11}},{"start":{"line":35,"column":11},"end":{"line":35,"column":null}}]},"1":{"loc":{"start":{"line":37,"column":4},"end":{"line":39,"column":null}},"type":"if","locations":[{"start":{"line":37,"column":4},"end":{"line":39,"column":null}},{"start":{"line":37,"column":4},"end":{"line":39,"column":null}}]},"2":{"loc":{"start":{"line":106,"column":4},"end":{"line":110,"column":null}},"type":"if","locations":[{"start":{"line":106,"column":4},"end":{"line":110,"column":null}},{"start":{"line":106,"column":4},"end":{"line":110,"column":null}}]},"3":{"loc":{"start":{"line":135,"column":4},"end":{"line":138,"column":null}},"type":"if","locations":[{"start":{"line":135,"column":4},"end":{"line":138,"column":null}},{"start":{"line":135,"column":4},"end":{"line":138,"column":null}}]}},"s":{"0":1,"1":1,"2":1,"3":1,"4":1,"5":7,"6":7,"7":7,"8":1,"9":1,"10":2,"11":1,"12":2,"13":2,"14":1,"15":1,"16":2,"17":1,"18":12,"19":1,"20":11,"21":11,"22":11,"23":1,"24":28,"25":14,"26":14,"27":1,"28":3,"29":3,"30":1,"31":0,"32":0,"33":1,"34":0,"35":0,"36":1,"37":0,"38":0,"39":1,"40":8,"41":8,"42":11,"43":8,"44":1,"45":14,"46":14,"47":14,"48":15,"49":0,"50":0,"51":0,"52":0,"53":5,"54":5,"55":14,"56":1,"57":5,"58":7,"59":0,"60":0,"61":0,"62":0,"63":5,"64":1,"65":1,"66":1,"67":1},"f":{"0":1,"1":7,"2":2,"3":2,"4":1,"5":1,"6":12,"7":14,"8":3,"9":0,"10":0,"11":0,"12":8,"13":11,"14":14,"15":15,"16":0,"17":0,"18":5,"19":5,"20":7,"21":0,"22":0},"b":{"0":[7,7],"1":[1,6],"2":[1,11],"3":[14,0]}}
}
