{"/Users/chautran/Code/Projects/@nartc/automapper/src/automapper.ts": {"path":"/Users/chautran/Code/Projects/@nartc/automapper/src/automapper.ts","statementMap":{"0":{"start":{"line":1,"column":0},"end":{"line":1,"column":40}},"1":{"start":{"line":2,"column":0},"end":{"line":2,"column":null}},"2":{"start":{"line":17,"column":0},"end":{"line":17,"column":null}},"3":{"start":{"line":23,"column":0},"end":{"line":23,"column":null}},"4":{"start":{"line":23,"column":32},"end":{"line":23,"column":46}},"5":{"start":{"line":35,"column":4},"end":{"line":35,"column":null}},"6":{"start":{"line":36,"column":4},"end":{"line":36,"column":24}},"7":{"start":{"line":37,"column":4},"end":{"line":39,"column":null}},"8":{"start":{"line":38,"column":6},"end":{"line":38,"column":34}},"9":{"start":{"line":30,"column":16},"end":{"line":32,"column":null}},"10":{"start":{"line":31,"column":4},"end":{"line":31,"column":26}},"11":{"start":{"line":63,"column":9},"end":{"line":79,"column":null}},"12":{"start":{"line":63,"column":2},"end":{"line":63,"column":9}},"13":{"start":{"line":64,"column":45},"end":{"line":77,"column":6}},"14":{"start":{"line":66,"column":8},"end":{"line":66,"column":40}},"15":{"start":{"line":75,"column":8},"end":{"line":75,"column":51}},"16":{"start":{"line":78,"column":4},"end":{"line":78,"column":22}},"17":{"start":{"line":107,"column":9},"end":{"line":117,"column":null}},"18":{"start":{"line":108,"column":4},"end":{"line":112,"column":null}},"19":{"start":{"line":109,"column":6},"end":{"line":111,"column":8}},"20":{"start":{"line":114,"column":4},"end":{"line":114,"column":28}},"21":{"start":{"line":115,"column":4},"end":{"line":115,"column":65}},"22":{"start":{"line":116,"column":4},"end":{"line":116,"column":16}},"23":{"start":{"line":132,"column":9},"end":{"line":151,"column":null}},"24":{"start":{"line":140,"column":22},"end":{"line":143,"column":null}},"25":{"start":{"line":145,"column":21},"end":{"line":148,"column":null}},"26":{"start":{"line":150,"column":4},"end":{"line":150,"column":56}},"27":{"start":{"line":168,"column":9},"end":{"line":178,"column":null}},"28":{"start":{"line":176,"column":20},"end":{"line":176,"column":64}},"29":{"start":{"line":177,"column":4},"end":{"line":177,"column":51}},"30":{"start":{"line":196,"column":9},"end":{"line":206,"column":null}},"31":{"start":{"line":204,"column":20},"end":{"line":204,"column":64}},"32":{"start":{"line":205,"column":4},"end":{"line":205,"column":56}},"33":{"start":{"line":226,"column":9},"end":{"line":236,"column":null}},"34":{"start":{"line":234,"column":20},"end":{"line":234,"column":64}},"35":{"start":{"line":235,"column":4},"end":{"line":235,"column":56}},"36":{"start":{"line":257,"column":9},"end":{"line":267,"column":null}},"37":{"start":{"line":265,"column":20},"end":{"line":265,"column":64}},"38":{"start":{"line":266,"column":4},"end":{"line":266,"column":61}},"39":{"start":{"line":284,"column":9},"end":{"line":289,"column":null}},"40":{"start":{"line":284,"column":2},"end":{"line":284,"column":9}},"41":{"start":{"line":285,"column":4},"end":{"line":287,"column":7}},"42":{"start":{"line":286,"column":6},"end":{"line":286,"column":33}},"43":{"start":{"line":288,"column":4},"end":{"line":288,"column":21}},"44":{"start":{"line":291,"column":10},"end":{"line":322,"column":null}},"45":{"start":{"line":291,"column":2},"end":{"line":291,"column":10}},"46":{"start":{"line":297,"column":4},"end":{"line":297,"column":42}},"47":{"start":{"line":298,"column":78},"end":{"line":319,"column":6}},"48":{"start":{"line":300,"column":8},"end":{"line":305,"column":10}},"49":{"start":{"line":308,"column":8},"end":{"line":308,"column":41}},"50":{"start":{"line":309,"column":8},"end":{"line":309,"column":32}},"51":{"start":{"line":312,"column":8},"end":{"line":312,"column":40}},"52":{"start":{"line":313,"column":8},"end":{"line":313,"column":32}},"53":{"start":{"line":316,"column":32},"end":{"line":316,"column":75}},"54":{"start":{"line":317,"column":8},"end":{"line":317,"column":75}},"55":{"start":{"line":321,"column":4},"end":{"line":321,"column":28}},"56":{"start":{"line":324,"column":10},"end":{"line":353,"column":null}},"57":{"start":{"line":333,"column":8},"end":{"line":350,"column":6}},"58":{"start":{"line":335,"column":8},"end":{"line":340,"column":10}},"59":{"start":{"line":343,"column":8},"end":{"line":343,"column":41}},"60":{"start":{"line":344,"column":8},"end":{"line":344,"column":40}},"61":{"start":{"line":347,"column":8},"end":{"line":347,"column":40}},"62":{"start":{"line":348,"column":8},"end":{"line":348,"column":40}},"63":{"start":{"line":352,"column":4},"end":{"line":352,"column":36}},"64":{"start":{"line":24,"column":17},"end":{"line":24,"column":58}},"65":{"start":{"line":354,"column":0},"end":{"line":354,"column":null}},"66":{"start":{"line":23,"column":13},"end":{"line":23,"column":23}},"67":{"start":{"line":356,"column":13},"end":{"line":356,"column":47}}},"fnMap":{"0":{"name":"(anonymous_0)","decl":{"start":{"line":23,"column":0},"end":{"line":23,"column":13}},"loc":{"start":{"line":23,"column":0},"end":{"line":23,"column":13}}},"1":{"name":"AutoMapper","decl":{"start":{"line":34,"column":2},"end":{"line":34,"column":null}},"loc":{"start":{"line":34,"column":2},"end":{"line":40,"column":3}}},"2":{"name":"(anonymous_2)","decl":{"start":{"line":30,"column":2},"end":{"line":30,"column":16}},"loc":{"start":{"line":30,"column":2},"end":{"line":32,"column":3}}},"3":{"name":"(anonymous_3)","decl":{"start":{"line":63,"column":2},"end":{"line":63,"column":9}},"loc":{"start":{"line":63,"column":71},"end":{"line":79,"column":3}}},"4":{"name":"(anonymous_4)","decl":{"start":{"line":65,"column":18},"end":{"line":65,"column":19}},"loc":{"start":{"line":65,"column":42},"end":{"line":67,"column":7}}},"5":{"name":"(anonymous_5)","decl":{"start":{"line":68,"column":17},"end":{"line":68,"column":null}},"loc":{"start":{"line":73,"column":48},"end":{"line":76,"column":7}}},"6":{"name":"(anonymous_6)","decl":{"start":{"line":107,"column":2},"end":{"line":107,"column":9}},"loc":{"start":{"line":107,"column":43},"end":{"line":117,"column":3}}},"7":{"name":"(anonymous_7)","decl":{"start":{"line":132,"column":2},"end":{"line":132,"column":9}},"loc":{"start":{"line":138,"column":30},"end":{"line":151,"column":3}}},"8":{"name":"(anonymous_8)","decl":{"start":{"line":168,"column":2},"end":{"line":168,"column":9}},"loc":{"start":{"line":174,"column":53},"end":{"line":178,"column":3}}},"9":{"name":"(anonymous_9)","decl":{"start":{"line":196,"column":2},"end":{"line":196,"column":9}},"loc":{"start":{"line":202,"column":53},"end":{"line":206,"column":3}}},"10":{"name":"(anonymous_10)","decl":{"start":{"line":226,"column":2},"end":{"line":226,"column":9}},"loc":{"start":{"line":232,"column":57},"end":{"line":236,"column":3}}},"11":{"name":"(anonymous_11)","decl":{"start":{"line":257,"column":2},"end":{"line":257,"column":9}},"loc":{"start":{"line":263,"column":57},"end":{"line":267,"column":3}}},"12":{"name":"(anonymous_12)","decl":{"start":{"line":284,"column":2},"end":{"line":284,"column":9}},"loc":{"start":{"line":284,"column":2},"end":{"line":289,"column":3}}},"13":{"name":"(anonymous_13)","decl":{"start":{"line":285,"column":40},"end":{"line":285,"column":43}},"loc":{"start":{"line":285,"column":43},"end":{"line":287,"column":5}}},"14":{"name":"(anonymous_14)","decl":{"start":{"line":291,"column":2},"end":{"line":291,"column":10}},"loc":{"start":{"line":295,"column":43},"end":{"line":322,"column":3}}},"15":{"name":"(anonymous_15)","decl":{"start":{"line":299,"column":17},"end":{"line":299,"column":18}},"loc":{"start":{"line":299,"column":38},"end":{"line":306,"column":7}}},"16":{"name":"(anonymous_16)","decl":{"start":{"line":307,"column":17},"end":{"line":307,"column":23}},"loc":{"start":{"line":307,"column":23},"end":{"line":310,"column":7}}},"17":{"name":"(anonymous_17)","decl":{"start":{"line":311,"column":16},"end":{"line":311,"column":22}},"loc":{"start":{"line":311,"column":22},"end":{"line":314,"column":7}}},"18":{"name":"(anonymous_18)","decl":{"start":{"line":315,"column":18},"end":{"line":315,"column":null}},"loc":{"start":{"line":315,"column":18},"end":{"line":318,"column":7}}},"19":{"name":"(anonymous_19)","decl":{"start":{"line":324,"column":2},"end":{"line":324,"column":10}},"loc":{"start":{"line":328,"column":43},"end":{"line":353,"column":3}}},"20":{"name":"(anonymous_20)","decl":{"start":{"line":334,"column":15},"end":{"line":334,"column":16}},"loc":{"start":{"line":334,"column":36},"end":{"line":341,"column":7}}},"21":{"name":"(anonymous_21)","decl":{"start":{"line":342,"column":17},"end":{"line":342,"column":23}},"loc":{"start":{"line":342,"column":23},"end":{"line":345,"column":7}}},"22":{"name":"(anonymous_22)","decl":{"start":{"line":346,"column":16},"end":{"line":346,"column":22}},"loc":{"start":{"line":346,"column":22},"end":{"line":349,"column":7}}}},"branchMap":{"0":{"loc":{"start":{"line":35,"column":4},"end":{"line":35,"column":11}},"type":"binary-expr","locations":[{"start":{"line":35,"column":4},"end":{"line":35,"column":11}},{"start":{"line":35,"column":11},"end":{"line":35,"column":null}}]},"1":{"loc":{"start":{"line":37,"column":4},"end":{"line":39,"column":null}},"type":"if","locations":[{"start":{"line":37,"column":4},"end":{"line":39,"column":null}},{"start":{"line":37,"column":4},"end":{"line":39,"column":null}}]},"2":{"loc":{"start":{"line":108,"column":4},"end":{"line":112,"column":null}},"type":"if","locations":[{"start":{"line":108,"column":4},"end":{"line":112,"column":null}},{"start":{"line":108,"column":4},"end":{"line":112,"column":null}}]}},"s":{"0":1,"1":1,"2":1,"3":1,"4":1,"5":7,"6":7,"7":7,"8":1,"9":1,"10":2,"11":1,"12":2,"13":2,"14":1,"15":1,"16":2,"17":1,"18":14,"19":1,"20":13,"21":13,"22":13,"23":1,"24":16,"25":16,"26":16,"27":1,"28":6,"29":6,"30":1,"31":1,"32":1,"33":1,"34":1,"35":1,"36":1,"37":1,"38":1,"39":1,"40":10,"41":10,"42":13,"43":10,"44":1,"45":16,"46":16,"47":16,"48":17,"49":1,"50":1,"51":1,"52":1,"53":5,"54":5,"55":16,"56":1,"57":5,"58":7,"59":1,"60":1,"61":1,"62":1,"63":5,"64":1,"65":1,"66":1,"67":1},"f":{"0":1,"1":7,"2":2,"3":2,"4":1,"5":1,"6":14,"7":16,"8":6,"9":1,"10":1,"11":1,"12":10,"13":13,"14":16,"15":17,"16":1,"17":1,"18":5,"19":5,"20":7,"21":1,"22":1},"b":{"0":[7,7],"1":[1,6],"2":[1,13]}}
}
