TN:
SF:/Users/chautran/Code/Projects/@nartc/automapper/src/automapper.ts
FN:25,(anonymous_0)
FN:31,AutoMapper
FN:35,(anonymous_2)
FN:47,(anonymous_3)
FN:52,(anonymous_4)
FN:104,(anonymous_5)
FN:133,(anonymous_6)
FN:142,(anonymous_7)
FN:163,(anonymous_8)
FN:198,(anonymous_9)
FN:203,(anonymous_10)
FN:212,(anonymous_11)
FN:215,(anonymous_12)
FN:220,(anonymous_13)
FNF:14
FNH:14
FNDA:5,(anonymous_0)
FNDA:8,AutoMapper
FNDA:3,(anonymous_2)
FNDA:71,(anonymous_3)
FNDA:83,(anonymous_4)
FNDA:20,(anonymous_5)
FNDA:1,(anonymous_6)
FNDA:1,(anonymous_7)
FNDA:2,(anonymous_8)
FNDA:2,(anonymous_9)
FNDA:1,(anonymous_10)
FNDA:1,(anonymous_11)
FNDA:23,(anonymous_12)
FNDA:31,(anonymous_13)
DA:1,5
DA:2,5
DA:3,5
DA:11,5
DA:12,5
DA:25,5
DA:32,8
DA:35,5
DA:36,3
DA:37,3
DA:38,2
DA:41,3
DA:42,2
DA:44,3
DA:47,5
DA:48,71
DA:49,70
DA:52,5
DA:72,83
DA:73,83
DA:83,83
DA:84,82
DA:104,5
DA:107,66
DA:108,20
DA:109,20
DA:113,19
DA:133,5
DA:136,3
DA:137,1
DA:138,1
DA:142,1
DA:163,5
DA:166,7
DA:167,2
DA:168,1
DA:171,1
DA:172,1
DA:177,1
DA:198,5
DA:201,7
DA:202,2
DA:203,1
DA:206,1
DA:207,1
DA:212,1
DA:215,5
DA:216,23
DA:217,23
DA:220,5
DA:221,31
DA:222,31
DA:227,5
DA:229,5
LF:54
LH:54
BRDA:37,0,0,2
BRDA:37,0,1,1
BRDA:41,1,0,2
BRDA:41,1,1,1
BRDA:111,2,0,20
BRDA:111,2,1,17
BRDA:140,3,0,1
BRDA:140,3,1,1
BRDA:167,4,0,1
BRDA:167,4,1,1
BRDA:174,5,0,1
BRDA:174,5,1,1
BRDA:202,6,0,1
BRDA:202,6,1,1
BRDA:209,7,0,1
BRDA:209,7,1,1
BRF:16
BRH:16
end_of_record
TN:
SF:/Users/chautran/Code/Projects/@nartc/automapper/src/create-map-metadata.ts
FN:9,(anonymous_0)
FNF:1
FNH:1
FNDA:2,(anonymous_0)
DA:7,3
DA:9,3
DA:15,2
DA:16,2
DA:17,2
DA:18,1
DA:21,1
DA:22,7
DA:24,7
DA:25,7
LF:10
LH:10
BRDA:17,0,0,1
BRDA:17,0,1,1
BRDA:24,1,0,7
BRDA:24,1,1,1
BRDA:24,2,0,1
BRDA:24,2,1,6
BRDA:24,3,0,7
BRDA:24,3,1,7
BRF:8
BRH:8
end_of_record
TN:
SF:/Users/chautran/Code/Projects/@nartc/automapper/src/index.ts
FNF:0
FNH:0
DA:1,3
DA:2,3
DA:3,3
DA:4,3
DA:5,3
DA:6,3
LF:6
LH:6
BRF:0
BRH:0
end_of_record
TN:
SF:/Users/chautran/Code/Projects/@nartc/automapper/src/profile-base.ts
FN:3,(anonymous_0)
FN:6,ProfileBase
FNF:2
FNH:2
FNDA:4,(anonymous_0)
FNDA:71,ProfileBase
DA:3,4
DA:7,71
DA:9,4
LF:3
LH:3
BRF:0
BRH:0
end_of_record
TN:
SF:/Users/chautran/Code/Projects/@nartc/automapper/src/types.ts
FN:15,(anonymous_0)
FN:24,(anonymous_1)
FN:204,(anonymous_2)
FN:370,(anonymous_3)
FNF:4
FNH:4
FNDA:14,(anonymous_0)
FNDA:14,(anonymous_1)
FNDA:14,(anonymous_2)
FNDA:14,(anonymous_3)
DA:15,14
DA:16,14
DA:17,14
DA:18,14
DA:19,14
DA:20,14
DA:21,14
DA:24,14
DA:25,14
DA:26,14
DA:27,14
DA:28,14
DA:29,14
DA:30,14
DA:31,14
DA:32,14
DA:204,14
DA:205,14
DA:206,14
DA:207,14
DA:370,14
DA:371,14
DA:372,14
DA:373,14
DA:374,14
DA:375,14
LF:26
LH:26
BRDA:15,0,0,14
BRDA:15,0,1,14
BRDA:24,1,0,14
BRDA:24,1,1,14
BRDA:204,2,0,14
BRDA:204,2,1,14
BRDA:370,3,0,14
BRDA:370,3,1,14
BRF:8
BRH:8
end_of_record
TN:
SF:/Users/chautran/Code/Projects/@nartc/automapper/src/conventions/camel-case-naming-convention.ts
FN:6,(anonymous_0)
FN:10,(anonymous_2)
FNF:2
FNH:2
FNDA:2440,(anonymous_0)
FNDA:1174,(anonymous_2)
DA:6,6
DA:7,2434
DA:8,2434
DA:10,6
DA:11,1174
DA:13,1174
DA:15,1174
DA:16,1792
DA:17,1174
DA:21,618
DA:27,1174
DA:29,6
LF:12
LH:12
BRDA:16,0,0,1174
BRDA:16,0,1,618
BRF:2
BRH:2
end_of_record
TN:
SF:/Users/chautran/Code/Projects/@nartc/automapper/src/conventions/index.ts
FNF:0
FNH:0
DA:1,5
DA:3,5
DA:4,5
DA:5,5
DA:6,5
LF:5
LH:5
BRF:0
BRH:0
end_of_record
TN:
SF:/Users/chautran/Code/Projects/@nartc/automapper/src/conventions/pascal-case-naming-convention.ts
FN:6,(anonymous_0)
FN:10,(anonymous_2)
FNF:2
FNH:2
FNDA:28,(anonymous_0)
FNDA:6,(anonymous_2)
DA:6,6
DA:7,22
DA:8,22
DA:10,6
DA:11,6
DA:12,6
DA:14,6
DA:15,12
DA:20,6
DA:22,6
LF:10
LH:10
BRF:0
BRH:0
end_of_record
TN:
SF:/Users/chautran/Code/Projects/@nartc/automapper/src/conventions/snake-case-naming-convention.ts
FN:3,(anonymous_0)
FN:7,(anonymous_2)
FN:15,(anonymous_3)
FNF:3
FNH:3
FNDA:40,(anonymous_0)
FNDA:34,(anonymous_2)
FNDA:62,(anonymous_3)
DA:3,6
DA:4,34
DA:5,34
DA:7,6
DA:8,34
DA:10,34
DA:11,8
DA:14,26
DA:15,62
DA:18,6
LF:10
LH:10
BRDA:10,0,0,8
BRDA:10,0,1,26
BRDA:11,1,0,8
BRDA:11,1,1,0
BRF:4
BRH:3
end_of_record
TN:
SF:/Users/chautran/Code/Projects/@nartc/automapper/src/core/create-map-fluent-function.ts
FN:20,createMapFluentFunction
FN:59,(anonymous_1)
FN:79,(anonymous_2)
FN:84,(anonymous_3)
FN:89,(anonymous_4)
FNF:5
FNH:5
FNDA:82,createMapFluentFunction
FNDA:147,(anonymous_1)
FNDA:1,(anonymous_2)
FNDA:2,(anonymous_3)
FNDA:61,(anonymous_4)
DA:1,5
DA:13,5
DA:14,5
DA:15,5
DA:16,5
DA:17,5
DA:18,5
DA:20,5
DA:39,82
DA:41,82
DA:42,2
DA:43,2
DA:48,2
DA:49,2
DA:58,82
DA:61,455
DA:78,147
DA:80,1
DA:81,1
DA:82,1
DA:85,2
DA:86,2
DA:87,2
DA:90,61
DA:91,61
DA:95,82
LF:26
LH:26
BRDA:41,0,0,2
BRDA:41,0,1,80
BRDA:41,1,0,79
BRDA:41,1,1,3
BRDA:41,2,0,82
BRDA:41,2,1,82
BRDA:48,3,0,2
BRDA:48,3,1,0
BRDA:80,4,0,1
BRDA:80,4,1,1
BRDA:85,5,0,2
BRDA:85,5,1,1
BRF:12
BRH:11
end_of_record
TN:
SF:/Users/chautran/Code/Projects/@nartc/automapper/src/core/create-map-for-member.ts
FN:16,createMapForMember
FN:65,(anonymous_1)
FNF:2
FNH:2
FNDA:234,createMapForMember
FNDA:410,(anonymous_1)
DA:1,5
DA:14,5
DA:16,5
DA:26,234
DA:32,234
DA:34,234
DA:35,220
DA:36,220
DA:39,234
DA:40,234
DA:43,90
DA:48,234
DA:56,234
DA:64,234
DA:65,410
DA:68,234
DA:69,57
DA:73,57
DA:76,177
DA:88,177
LF:20
LH:20
BRDA:34,0,0,220
BRDA:34,0,1,14
BRDA:40,1,0,90
BRDA:40,1,1,144
BRDA:49,2,0,49
BRDA:49,2,1,185
BRDA:68,3,0,57
BRDA:68,3,1,177
BRF:8
BRH:8
end_of_record
TN:
SF:/Users/chautran/Code/Projects/@nartc/automapper/src/core/create-mapping-object.ts
FN:11,createMappingObject
FNF:1
FNH:1
FNDA:83,createMappingObject
DA:1,5
DA:11,5
DA:26,83
DA:27,1
DA:37,82
DA:45,82
DA:46,82
LF:7
LH:7
BRDA:26,0,0,1
BRDA:26,0,1,82
BRF:2
BRH:2
end_of_record
TN:
SF:/Users/chautran/Code/Projects/@nartc/automapper/src/core/create-reverse-map-fluent-function.ts
FN:14,createReverseMapFluentFunction
FN:26,(anonymous_1)
FN:43,(anonymous_2)
FN:47,(anonymous_3)
FNF:4
FNH:4
FNDA:61,createReverseMapFluentFunction
FNDA:87,(anonymous_1)
FNDA:1,(anonymous_2)
FNDA:2,(anonymous_3)
DA:1,5
DA:12,5
DA:14,5
DA:25,61
DA:28,261
DA:37,87
DA:44,1
DA:45,1
DA:48,2
DA:49,2
DA:53,61
LF:11
LH:11
BRF:0
BRH:0
end_of_record
TN:
SF:/Users/chautran/Code/Projects/@nartc/automapper/src/core/create-reverse-mapping-object.ts
FN:7,createReverseMappingObject
FNF:1
FNH:1
FNDA:61,createReverseMappingObject
DA:1,5
DA:2,5
DA:3,5
DA:4,5
DA:5,5
DA:7,5
DA:15,61
DA:16,61
DA:19,61
DA:21,61
DA:22,61
DA:23,1
DA:26,60
DA:34,60
DA:35,1
DA:40,1
DA:41,1
DA:45,60
DA:46,60
LF:19
LH:19
BRDA:22,0,0,1
BRDA:22,0,1,60
BRDA:31,1,0,59
BRDA:31,1,1,1
BRDA:31,2,0,60
BRDA:31,2,1,60
BRDA:34,3,0,1
BRDA:34,3,1,59
BRDA:40,4,0,1
BRDA:40,4,1,0
BRF:10
BRH:9
end_of_record
TN:
SF:/Users/chautran/Code/Projects/@nartc/automapper/src/core/get-map-props.ts
FN:4,getMapProps
FNF:1
FNH:1
FNDA:23,getMapProps
DA:2,5
DA:4,5
DA:14,23
DA:16,23
DA:17,18
DA:20,5
DA:21,1
DA:24,4
DA:26,4
DA:31,2
DA:34,2
LF:11
LH:11
BRDA:16,0,0,18
BRDA:16,0,1,5
BRDA:20,1,0,1
BRDA:20,1,1,4
BRDA:26,2,0,2
BRDA:26,2,1,2
BRDA:27,3,0,4
BRDA:27,3,1,2
BRDA:27,3,2,4
BRDA:27,3,3,2
BRF:10
BRH:10
end_of_record
TN:
SF:/Users/chautran/Code/Projects/@nartc/automapper/src/core/get-mapping-for-destination.ts
FN:4,getMappingForDestination
FNF:1
FNH:1
FNDA:43,getMappingForDestination
DA:1,5
DA:4,5
DA:10,83
DA:12,43
DA:14,43
DA:15,1
DA:20,42
LF:7
LH:7
BRDA:10,0,0,40
BRDA:10,0,1,3
BRDA:14,1,0,1
BRDA:14,1,1,42
BRDA:14,2,0,43
BRDA:14,2,1,1
BRF:6
BRH:6
end_of_record
TN:
SF:/Users/chautran/Code/Projects/@nartc/automapper/src/core/get-mapping-for-nested-key.ts
FN:4,getMappingForNestedKey
FNF:1
FNH:1
FNDA:5,getMappingForNestedKey
DA:1,5
DA:4,5
DA:13,5
DA:18,5
DA:19,0
DA:24,5
DA:25,5
DA:26,0
DA:31,5
DA:32,5
DA:33,0
DA:38,5
LF:12
LH:9
BRDA:18,0,0,0
BRDA:18,0,1,5
BRDA:25,1,0,0
BRDA:25,1,1,5
BRDA:25,2,0,5
BRDA:25,2,1,5
BRDA:32,3,0,0
BRDA:32,3,1,5
BRF:8
BRH:5
end_of_record
TN:
SF:/Users/chautran/Code/Projects/@nartc/automapper/src/core/index.ts
FNF:0
FNH:0
DA:1,5
DA:2,5
DA:4,5
DA:5,5
DA:7,5
DA:8,5
DA:10,5
DA:11,5
DA:12,5
DA:13,5
DA:14,5
DA:15,5
DA:16,5
LF:13
LH:13
BRF:0
BRH:0
end_of_record
TN:
SF:/Users/chautran/Code/Projects/@nartc/automapper/src/core/inherit-base-mapping.ts
FN:9,inheritBaseMapping
FN:25,(anonymous_2)
FN:25,(anonymous_3)
FNF:3
FNH:3
FNDA:3,inheritBaseMapping
FNDA:33,(anonymous_2)
FNDA:24,(anonymous_3)
DA:1,5
DA:9,5
DA:18,3
DA:19,3
DA:20,9
DA:24,9
DA:25,33
DA:29,3
DA:31,3
LF:9
LH:9
BRDA:25,0,0,6
BRDA:25,0,1,3
BRF:2
BRH:2
end_of_record
TN:
SF:/Users/chautran/Code/Projects/@nartc/automapper/src/core/initialize-mapping-props.ts
FN:7,initializeMappingProps
FN:47,(anonymous_1)
FN:55,(anonymous_2)
FNF:3
FNH:3
FNDA:82,initializeMappingProps
FNDA:149,(anonymous_1)
FNDA:10,(anonymous_2)
DA:1,5
DA:2,5
DA:3,5
DA:4,5
DA:5,5
DA:7,5
DA:11,82
DA:12,82
DA:14,82
DA:15,82
DA:16,82
DA:17,1
DA:20,82
DA:21,82
DA:22,82
DA:23,82
DA:24,617
DA:25,617
DA:29,617
DA:30,617
DA:31,366
DA:32,366
DA:36,366
DA:40,251
DA:44,105
DA:47,149
DA:48,105
DA:49,98
DA:52,7
DA:56,10
DA:64,7
DA:65,3
DA:76,7
DA:87,7
DA:90,146
LF:35
LH:35
BRDA:16,0,0,1
BRDA:16,0,1,81
BRDA:16,1,0,0
BRDA:16,1,1,82
BRDA:16,2,0,82
BRDA:16,2,1,82
BRDA:30,3,0,366
BRDA:30,3,1,251
BRDA:32,4,0,366
BRDA:32,4,1,0
BRDA:33,5,0,366
BRDA:33,5,1,182
BRDA:33,5,2,182
BRDA:40,6,0,105
BRDA:40,6,1,146
BRDA:41,7,0,251
BRDA:41,7,1,105
BRDA:48,8,0,98
BRDA:48,8,1,7
BRDA:48,9,0,105
BRDA:48,9,1,41
BRDA:64,10,0,3
BRDA:64,10,1,4
BRF:23
BRH:21
end_of_record
TN:
SF:/Users/chautran/Code/Projects/@nartc/automapper/src/core/initialize-reverse-mapping-props.ts
FN:18,initializeReverseMappingProps
FN:67,(anonymous_2)
FNF:2
FNH:2
FNDA:60,initializeReverseMappingProps
FNDA:103,(anonymous_2)
DA:1,5
DA:2,5
DA:14,5
DA:15,5
DA:16,5
DA:18,5
DA:31,60
DA:32,60
DA:36,60
DA:38,60
DA:39,60
DA:40,182
DA:41,182
DA:43,182
DA:51,139
DA:65,139
DA:67,103
DA:72,109
DA:85,60
LF:19
LH:19
BRDA:43,0,0,43
BRDA:43,0,1,139
BRDA:44,1,0,182
BRDA:44,1,1,87
BRDA:44,1,2,57
BRDA:52,2,0,95
BRDA:52,2,1,44
BRDA:57,3,0,14
BRDA:57,3,1,30
BRDA:62,4,0,30
BRDA:62,4,1,0
BRDA:65,5,0,30
BRDA:65,5,1,109
BRDA:66,6,0,139
BRDA:66,6,1,30
BRDA:66,6,2,109
BRF:16
BRH:15
end_of_record
TN:
SF:/Users/chautran/Code/Projects/@nartc/automapper/src/core/instantiate.ts
FN:5,instantiate
FNF:1
FNH:1
FNDA:538,instantiate
DA:1,5
DA:3,5
DA:5,5
DA:7,1068
DA:9,538
DA:11,538
DA:12,5
DA:15,533
DA:17,1846
DA:18,1846
DA:19,1846
DA:20,1483
DA:21,1483
DA:24,363
DA:25,1
DA:26,1
DA:29,362
DA:33,105
DA:36,105
DA:39,257
DA:45,533
LF:21
LH:21
BRDA:7,0,0,530
BRDA:7,0,1,8
BRDA:11,1,0,5
BRDA:11,1,1,533
BRDA:11,2,0,538
BRDA:11,2,1,533
BRDA:19,3,0,1483
BRDA:19,3,1,363
BRDA:20,4,0,1483
BRDA:20,4,1,1471
BRDA:20,5,0,0
BRDA:20,5,1,1483
BRDA:20,6,0,1483
BRDA:20,6,1,1483
BRDA:24,7,0,1
BRDA:24,7,1,362
BRDA:25,8,0,1
BRDA:25,8,1,1
BRDA:25,9,0,0
BRDA:25,9,1,1
BRDA:25,10,0,1
BRDA:25,10,1,1
BRDA:29,11,0,105
BRDA:29,11,1,257
BRDA:30,12,0,362
BRDA:30,12,1,257
BRDA:34,13,0,1
BRDA:34,13,1,104
BRDA:33,14,0,0
BRDA:33,14,1,105
BRDA:33,15,0,105
BRDA:33,15,1,105
BRDA:34,16,0,0
BRDA:34,16,1,1
BRDA:34,17,0,1
BRDA:34,17,1,1
BRDA:41,18,0,0
BRDA:41,18,1,257
BRDA:40,19,0,257
BRDA:40,19,1,257
BRF:40
BRH:35
end_of_record
TN:
SF:/Users/chautran/Code/Projects/@nartc/automapper/src/core/map.ts
FN:30,map
FN:212,mapArray
FNF:2
FNH:2
FNDA:51,map
FNDA:7,mapArray
DA:1,5
DA:2,5
DA:17,5
DA:26,5
DA:27,5
DA:28,5
DA:30,5
DA:36,85
DA:40,88
DA:42,51
DA:43,51
DA:44,51
DA:45,51
DA:46,51
DA:48,51
DA:49,2
DA:51,51
DA:52,51
DA:53,51
DA:55,51
DA:57,51
DA:58,37
DA:59,3
DA:60,34
DA:61,2
DA:65,51
DA:66,51
DA:67,154
DA:68,154
DA:70,154
DA:71,3
DA:72,3
DA:75,151
DA:81,21
DA:82,21
DA:85,130
DA:90,130
DA:96,70
DA:99,70
DA:100,0
DA:101,0
DA:104,70
DA:105,18
DA:106,2
DA:107,2
DA:110,16
DA:111,5
DA:112,5
DA:113,0
DA:114,0
DA:117,5
DA:118,0
DA:119,0
DA:122,5
DA:127,5
DA:132,5
DA:136,63
DA:141,11
DA:145,11
DA:146,11
DA:149,52
DA:150,52
DA:153,60
DA:154,60
DA:164,10
DA:168,50
DA:174,42
DA:179,8
DA:193,8
DA:198,60
DA:201,51
DA:202,37
DA:203,3
DA:204,34
DA:205,4
DA:209,51
DA:212,5
DA:218,14
DA:223,7
DA:224,7
DA:226,7
DA:227,0
DA:230,7
DA:231,7
DA:232,0
DA:233,0
DA:236,0
DA:239,7
DA:240,14
DA:241,14
DA:244,7
DA:245,0
DA:248,7
LF:93
LH:82
BRDA:36,0,0,34
BRDA:36,0,1,17
BRDA:40,1,0,37
BRDA:40,1,1,14
BRDA:48,2,0,2
BRDA:48,2,1,49
BRDA:51,3,0,51
BRDA:51,3,1,35
BRDA:57,4,0,37
BRDA:57,4,1,14
BRDA:58,5,0,3
BRDA:58,5,1,34
BRDA:60,6,0,2
BRDA:60,6,1,32
BRDA:70,7,0,3
BRDA:70,7,1,151
BRDA:70,8,0,154
BRDA:70,8,1,5
BRDA:71,9,0,3
BRDA:71,9,1,0
BRDA:71,10,0,3
BRDA:71,10,1,3
BRDA:71,11,0,0
BRDA:71,11,1,3
BRDA:71,12,0,3
BRDA:71,12,1,3
BRDA:75,13,0,21
BRDA:75,13,1,130
BRDA:90,14,0,70
BRDA:90,14,1,60
BRDA:99,15,0,0
BRDA:99,15,1,70
BRDA:104,16,0,18
BRDA:104,16,1,52
BRDA:105,17,0,2
BRDA:105,17,1,16
BRDA:110,18,0,5
BRDA:110,18,1,11
BRDA:112,19,0,0
BRDA:112,19,1,5
BRDA:117,20,0,0
BRDA:117,20,1,5
BRDA:136,21,0,11
BRDA:136,21,1,52
BRDA:137,22,0,63
BRDA:137,22,1,52
BRDA:137,22,2,11
BRDA:154,23,0,10
BRDA:154,23,1,50
BRDA:155,24,0,60
BRDA:155,24,1,55
BRDA:168,25,0,42
BRDA:168,25,1,8
BRDA:179,26,0,8
BRDA:179,26,1,0
BRDA:180,27,0,8
BRDA:180,27,1,3
BRDA:180,27,2,0
BRDA:201,28,0,37
BRDA:201,28,1,14
BRDA:202,29,0,3
BRDA:202,29,1,34
BRDA:204,30,0,4
BRDA:204,30,1,30
BRDA:218,31,0,7
BRDA:218,31,1,0
BRDA:226,32,0,0
BRDA:226,32,1,7
BRDA:231,33,0,0
BRDA:231,33,1,7
BRDA:232,34,0,0
BRDA:232,34,1,0
BRDA:244,35,0,0
BRDA:244,35,1,7
BRF:74
BRH:61
end_of_record
TN:
SF:/Users/chautran/Code/Projects/@nartc/automapper/src/decorators/automap.decorator.ts
FN:5,(anonymous_0)
FN:5,(anonymous_1)
FNF:2
FNH:2
FNDA:212,(anonymous_0)
FNDA:212,(anonymous_1)
DA:1,5
DA:3,5
DA:5,212
DA:9,212
DA:10,25
DA:14,187
DA:19,187
DA:20,187
LF:8
LH:8
BRDA:9,0,0,25
BRDA:9,0,1,187
BRDA:19,1,0,187
BRDA:19,1,1,0
BRF:4
BRH:3
end_of_record
TN:
SF:/Users/chautran/Code/Projects/@nartc/automapper/src/decorators/index.ts
FNF:0
FNH:0
DA:1,4
LF:1
LH:1
BRF:0
BRH:0
end_of_record
TN:
SF:/Users/chautran/Code/Projects/@nartc/automapper/src/explorers/index.ts
FNF:0
FNH:0
DA:1,5
LF:1
LH:1
BRF:0
BRH:0
end_of_record
TN:
SF:/Users/chautran/Code/Projects/@nartc/automapper/src/explorers/metadata.explorer.ts
FN:5,(anonymous_0)
FN:10,(anonymous_2)
FN:15,(anonymous_3)
FN:21,(anonymous_4)
FN:40,(anonymous_5)
FNF:5
FNH:4
FNDA:6,(anonymous_0)
FNDA:83,(anonymous_2)
FNDA:1,(anonymous_3)
FNDA:168,(anonymous_4)
FNDA:0,(anonymous_5)
DA:1,6
DA:3,6
DA:5,6
DA:6,6
DA:7,6
DA:10,6
DA:11,83
DA:12,83
DA:15,6
DA:16,2
DA:17,2
DA:21,6
DA:22,168
DA:23,0
DA:26,168
DA:27,168
DA:28,166
DA:31,2
DA:32,2
DA:34,2
DA:35,0
DA:38,9
DA:39,9
DA:40,0
DA:41,0
DA:44,9
DA:46,9
DA:47,9
DA:50,2
DA:52,6
LF:30
LH:26
BRDA:22,0,0,0
BRDA:22,0,1,168
BRDA:22,1,0,168
BRDA:22,1,1,168
BRDA:27,2,0,166
BRDA:27,2,1,2
BRDA:34,3,0,0
BRDA:34,3,1,2
BRDA:39,4,0,0
BRDA:39,4,1,9
BRDA:46,5,0,9
BRDA:46,5,1,0
BRDA:46,6,0,0
BRDA:46,6,1,9
BRDA:46,7,0,9
BRDA:46,7,1,9
BRDA:46,8,0,0
BRDA:46,8,1,9
BRDA:46,9,0,9
BRDA:46,9,1,9
BRF:20
BRH:14
end_of_record
TN:
SF:/Users/chautran/Code/Projects/@nartc/automapper/src/member-functions/condition.ts
FN:10,condition
FN:21,(anonymous_1)
FNF:2
FNH:2
FNDA:19,condition
FNDA:9,(anonymous_1)
DA:1,4
DA:8,4
DA:10,4
DA:18,19
DA:21,27
DA:22,9
DA:23,4
DA:26,5
LF:8
LH:8
BRDA:22,0,0,4
BRDA:22,0,1,5
BRDA:26,1,0,5
BRDA:26,1,1,1
BRF:4
BRH:4
end_of_record
TN:
SF:/Users/chautran/Code/Projects/@nartc/automapper/src/member-functions/convert-using.ts
FN:10,convertUsing
FN:22,(anonymous_1)
FNF:2
FNH:2
FNDA:2,convertUsing
FNDA:1,(anonymous_1)
DA:1,4
DA:10,4
DA:19,2
DA:22,1
LF:4
LH:4
BRF:0
BRH:0
end_of_record
TN:
SF:/Users/chautran/Code/Projects/@nartc/automapper/src/member-functions/from-value.ts
FN:8,fromValue
FN:15,(anonymous_1)
FNF:2
FNH:2
FNDA:17,fromValue
FNDA:4,(anonymous_1)
DA:1,4
DA:8,4
DA:15,17
LF:3
LH:3
BRF:0
BRH:0
end_of_record
TN:
SF:/Users/chautran/Code/Projects/@nartc/automapper/src/member-functions/ignore.ts
FN:3,ignore
FN:4,(anonymous_1)
FNF:2
FNH:2
FNDA:89,ignore
FNDA:1,(anonymous_1)
DA:1,4
DA:3,4
DA:4,89
LF:3
LH:3
BRF:0
BRH:0
end_of_record
TN:
SF:/Users/chautran/Code/Projects/@nartc/automapper/src/member-functions/index.ts
FNF:0
FNH:0
DA:1,3
DA:2,3
DA:3,3
DA:4,3
DA:5,3
DA:6,3
DA:7,3
DA:8,3
LF:8
LH:8
BRF:0
BRH:0
end_of_record
TN:
SF:/Users/chautran/Code/Projects/@nartc/automapper/src/member-functions/map-from.ts
FN:11,mapFrom
FN:23,(anonymous_1)
FNF:2
FNH:2
FNDA:93,mapFrom
FNDA:44,(anonymous_1)
DA:1,5
DA:9,5
DA:11,5
DA:20,93
DA:24,44
DA:25,1
DA:28,43
LF:7
LH:7
BRDA:24,0,0,1
BRDA:24,0,1,43
BRF:2
BRH:2
end_of_record
TN:
SF:/Users/chautran/Code/Projects/@nartc/automapper/src/member-functions/map-initialize.ts
FN:9,mapInitialize
FN:19,(anonymous_1)
FNF:2
FNH:2
FNDA:264,mapInitialize
FNDA:71,(anonymous_1)
DA:1,6
DA:7,6
DA:9,6
DA:14,794
DA:16,264
DA:19,71
LF:6
LH:6
BRF:0
BRH:0
end_of_record
TN:
SF:/Users/chautran/Code/Projects/@nartc/automapper/src/member-functions/map-with.ts
FN:13,mapWith
FN:24,(anonymous_1)
FNF:2
FNH:2
FNDA:16,mapWith
FNDA:6,(anonymous_1)
DA:1,4
DA:2,4
DA:11,4
DA:13,4
DA:21,16
DA:25,6
DA:26,6
DA:27,0
DA:30,6
DA:31,0
DA:34,0
DA:37,6
DA:41,6
DA:42,0
DA:47,6
LF:15
LH:11
BRDA:26,0,0,0
BRDA:26,0,1,6
BRDA:30,1,0,0
BRDA:30,1,1,6
BRDA:41,2,0,0
BRDA:41,2,1,6
BRDA:43,3,0,0
BRDA:43,3,1,0
BRF:8
BRH:3
end_of_record
TN:
SF:/Users/chautran/Code/Projects/@nartc/automapper/src/member-functions/null-substitution.ts
FN:9,nullSubstitution
FN:21,(anonymous_1)
FNF:2
FNH:2
FNDA:17,nullSubstitution
FNDA:7,(anonymous_1)
DA:1,4
DA:7,4
DA:9,4
DA:18,17
DA:21,21
DA:22,7
LF:6
LH:6
BRF:0
BRH:0
end_of_record
TN:
SF:/Users/chautran/Code/Projects/@nartc/automapper/src/member-functions/pre-condition.ts
FN:8,preCondition
FN:16,(anonymous_1)
FNF:2
FNH:2
FNDA:18,preCondition
FNDA:7,(anonymous_1)
DA:8,4
DA:16,18
LF:2
LH:2
BRF:0
BRH:0
end_of_record
TN:
SF:/Users/chautran/Code/Projects/@nartc/automapper/src/storages/index.ts
FNF:0
FNH:0
DA:1,11
DA:2,11
DA:3,11
LF:3
LH:3
BRF:0
BRH:0
end_of_record
TN:
SF:/Users/chautran/Code/Projects/@nartc/automapper/src/storages/mapping.storage.ts
FN:7,(anonymous_0)
FN:10,MappingStorage
FN:17,(anonymous_2)
FN:29,(anonymous_3)
FN:33,(anonymous_4)
FN:41,(anonymous_5)
FNF:6
FNH:6
FNDA:11,(anonymous_0)
FNDA:11,MappingStorage
FNDA:146,(anonymous_2)
FNDA:116,(anonymous_3)
FNDA:233,(anonymous_4)
FNDA:30,(anonymous_5)
DA:7,11
DA:11,11
DA:17,11
DA:22,146
DA:29,11
DA:30,116
DA:33,11
DA:34,233
DA:41,11
DA:42,30
DA:47,11
DA:49,11
LF:12
LH:12
BRDA:22,0,0,146
BRDA:22,0,1,146
BRDA:30,1,0,63
BRDA:30,1,1,53
BRDA:30,2,0,116
BRDA:30,2,1,116
BRDA:35,3,0,233
BRDA:35,3,1,3
BRDA:35,3,2,230
BRDA:36,4,0,0
BRDA:36,4,1,3
BRDA:35,5,0,3
BRDA:35,5,1,3
BRF:13
BRH:12
end_of_record
TN:
SF:/Users/chautran/Code/Projects/@nartc/automapper/src/storages/metadata.storage.ts
FN:9,(anonymous_0)
FN:12,(anonymous_2)
FN:18,(anonymous_3)
FN:22,(anonymous_4)
FN:25,(anonymous_5)
FNF:5
FNH:5
FNDA:24,(anonymous_0)
FNDA:545,(anonymous_2)
FNDA:6,(anonymous_3)
FNDA:17,(anonymous_4)
FNDA:225,(anonymous_5)
DA:2,12
DA:9,12
DA:10,12
DA:12,12
DA:15,545
DA:18,12
DA:22,17
DA:25,12
DA:29,225
DA:30,225
DA:31,225
DA:35,225
DA:41,12
DA:43,12
LF:14
LH:14
BRDA:29,0,0,225
BRDA:29,0,1,67
BRDA:32,1,0,225
BRDA:32,1,1,0
BRDA:32,2,0,225
BRDA:32,2,1,198
BRF:6
BRH:5
end_of_record
TN:
SF:/Users/chautran/Code/Projects/@nartc/automapper/src/storages/profile.storage.ts
FN:9,(anonymous_0)
FN:12,ProfileStorage
FN:21,(anonymous_2)
FN:31,(anonymous_3)
FN:33,(anonymous_4)
FNF:5
FNH:5
FNDA:11,(anonymous_0)
FNDA:11,ProfileStorage
FNDA:31,(anonymous_2)
FNDA:71,(anonymous_3)
FNDA:129,(anonymous_4)
DA:9,11
DA:13,11
DA:21,11
DA:22,31
DA:31,11
DA:32,71
DA:33,129
DA:34,1
DA:39,70
DA:41,11
DA:43,11
LF:11
LH:11
BRDA:33,0,0,1
BRDA:33,0,1,70
BRF:2
BRH:2
end_of_record
TN:
SF:/Users/chautran/Code/Projects/@nartc/automapper/src/utils/get.ts
FN:4,get
FN:9,_getInternal
FN:11,(anonymous_2)
FNF:3
FNH:3
FNDA:93,get
FNDA:96,_getInternal
FNDA:109,(anonymous_2)
DA:1,11
DA:2,11
DA:4,11
DA:6,93
DA:7,282
DA:10,96
DA:11,109
DA:12,96
DA:13,96
DA:18,93
DA:19,93
DA:20,3
DA:21,0
DA:23,3
DA:26,93
LF:15
LH:14
BRDA:6,0,0,0
BRDA:6,0,1,93
BRDA:11,1,0,109
BRDA:11,1,1,106
BRDA:14,2,0,88
BRDA:14,2,1,8
BRDA:13,3,0,96
BRDA:13,3,1,89
BRDA:20,4,0,0
BRDA:20,4,1,3
BRDA:20,5,0,3
BRDA:20,5,1,0
BRF:12
BRH:9
end_of_record
TN:
SF:/Users/chautran/Code/Projects/@nartc/automapper/src/utils/getMemberPath.ts
FN:4,getMemberPath
FN:11,isArrowFn
FN:15,removeExtraForArrow
FN:28,removeExtraForFunction
FNF:4
FNH:3
FNDA:368,getMemberPath
FNDA:368,isArrowFn
FNDA:0,removeExtraForArrow
FNDA:368,removeExtraForFunction
DA:2,11
DA:4,11
DA:5,368
DA:6,368
DA:12,368
DA:16,0
DA:17,0
DA:18,0
DA:20,0
DA:21,0
DA:22,0
DA:25,0
DA:29,368
LF:13
LH:6
BRDA:7,0,0,0
BRDA:7,0,1,368
BRDA:20,1,0,0
BRDA:20,1,1,0
BRDA:20,2,0,0
BRDA:20,2,1,0
BRDA:20,3,0,0
BRDA:20,3,1,0
BRDA:20,4,0,0
BRDA:20,4,1,0
BRF:10
BRH:1
end_of_record
TN:
SF:/Users/chautran/Code/Projects/@nartc/automapper/src/utils/getPathFromSelector.ts
FN:1,getPathFromSelector
FNF:1
FNH:1
FNDA:368,getPathFromSelector
DA:1,11
DA:2,368
DA:7,368
DA:8,297
DA:11,71
LF:5
LH:5
BRDA:7,0,0,297
BRDA:7,0,1,71
BRF:2
BRH:2
end_of_record
TN:
SF:/Users/chautran/Code/Projects/@nartc/automapper/src/utils/getPathRecursive.ts
FN:4,getPathRecursive
FN:49,removeConstructorFromPath
FNF:2
FNH:2
FNDA:312,getPathRecursive
FNDA:773,removeConstructorFromPath
DA:1,11
DA:2,11
DA:4,11
DA:6,394
DA:9,312
DA:11,312
DA:12,0
DA:15,617
DA:18,617
DA:19,617
DA:20,617
DA:23,617
DA:24,617
DA:25,74
DA:26,74
DA:27,0
DA:30,148
DA:31,74
DA:32,436
DA:33,436
DA:34,0
DA:36,436
DA:42,312
DA:43,156
DA:46,312
DA:50,773
LF:26
LH:23
BRDA:6,0,0,82
BRDA:6,0,1,230
BRDA:9,1,0,312
BRDA:9,1,1,156
BRDA:11,2,0,0
BRDA:11,2,1,312
BRDA:19,3,0,617
BRDA:19,3,1,0
BRDA:24,4,0,74
BRDA:24,4,1,543
BRDA:26,5,0,0
BRDA:26,5,1,74
BRDA:33,6,0,0
BRDA:33,6,1,436
BRDA:42,7,0,156
BRDA:42,7,1,156
BRF:16
BRH:12
end_of_record
TN:
SF:/Users/chautran/Code/Projects/@nartc/automapper/src/utils/getProto.ts
FN:1,getProto
FNF:1
FNH:1
FNDA:605,getProto
DA:1,12
DA:2,605
LF:2
LH:2
BRDA:3,0,0,605
BRDA:3,0,1,0
BRDA:3,0,2,0
BRF:3
BRH:1
end_of_record
TN:
SF:/Users/chautran/Code/Projects/@nartc/automapper/src/utils/getSourcePropertyKey.ts
FN:4,getSourcePropertyKey
FN:14,(anonymous_1)
FNF:2
FNH:2
FNDA:1549,getSourcePropertyKey
FNDA:802,(anonymous_1)
DA:2,11
DA:4,11
DA:5,1549
DA:11,1549
DA:12,366
DA:15,802
DA:23,1183
DA:26,1183
LF:8
LH:8
BRDA:11,0,0,366
BRDA:11,0,1,1183
BRDA:27,1,0,0
BRDA:27,1,1,1183
BRF:4
BRH:3
end_of_record
TN:
SF:/Users/chautran/Code/Projects/@nartc/automapper/src/utils/getTag.ts
FN:3,getTag
FNF:1
FNH:1
FNDA:2882,getTag
DA:1,11
DA:3,11
DA:4,2882
DA:5,1090
DA:8,1792
LF:5
LH:5
BRDA:4,0,0,1090
BRDA:4,0,1,1792
BRDA:5,1,0,1089
BRDA:5,1,1,1
BRF:4
BRH:4
end_of_record
TN:
SF:/Users/chautran/Code/Projects/@nartc/automapper/src/utils/index.ts
FNF:0
FNH:0
DA:1,11
DA:3,11
DA:4,11
DA:5,11
DA:6,11
DA:7,11
DA:8,11
DA:9,11
DA:11,11
DA:12,11
DA:13,11
DA:14,11
DA:15,11
DA:16,11
LF:14
LH:14
BRF:0
BRH:0
end_of_record
TN:
SF:/Users/chautran/Code/Projects/@nartc/automapper/src/utils/isClass.ts
FN:1,isClass
FNF:1
FNH:1
FNDA:201,isClass
DA:1,11
DA:2,201
LF:2
LH:2
BRDA:3,0,0,201
BRDA:3,0,1,201
BRDA:3,0,2,0
BRDA:3,0,3,201
BRF:4
BRH:3
end_of_record
TN:
SF:/Users/chautran/Code/Projects/@nartc/automapper/src/utils/isDate.ts
FN:4,isDate
FNF:1
FNH:1
FNDA:18,isDate
DA:1,11
DA:2,11
DA:4,11
DA:5,18
LF:4
LH:4
BRF:0
BRH:0
end_of_record
TN:
SF:/Users/chautran/Code/Projects/@nartc/automapper/src/utils/isEmpty.ts
FN:4,isEmpty
FNF:1
FNH:1
FNDA:549,isEmpty
DA:1,11
DA:2,11
DA:4,11
DA:5,549
DA:6,549
DA:7,0
DA:10,549
DA:11,11
DA:14,538
DA:15,533
DA:18,5
LF:11
LH:10
BRDA:6,0,0,0
BRDA:6,0,1,549
BRDA:10,1,0,11
BRDA:10,1,1,538
BRDA:14,2,0,533
BRDA:14,2,1,5
BRF:6
BRH:5
end_of_record
TN:
SF:/Users/chautran/Code/Projects/@nartc/automapper/src/utils/isNestedPath.ts
FN:1,isNestedPath
FNF:1
FNH:1
FNDA:1549,isNestedPath
DA:1,11
DA:2,1549
LF:2
LH:2
BRF:0
BRH:0
end_of_record
TN:
SF:/Users/chautran/Code/Projects/@nartc/automapper/src/utils/isObjectLike.ts
FN:4,isObjectLike
FNF:1
FNH:1
FNDA:1004,isObjectLike
DA:1,11
DA:2,11
DA:4,11
DA:5,1004
LF:4
LH:4
BRDA:6,0,0,1004
BRDA:6,0,1,610
BRDA:6,0,2,605
BRF:3
BRH:3
end_of_record
TN:
SF:/Users/chautran/Code/Projects/@nartc/automapper/src/utils/isResolver.ts
FN:3,isResolver
FNF:1
FNH:1
FNDA:44,isResolver
DA:3,11
DA:6,44
LF:2
LH:2
BRF:0
BRH:0
end_of_record
TN:
SF:/Users/chautran/Code/Projects/@nartc/automapper/src/utils/isThisMemberMap.ts
FN:7,isThisMemberMap
FNF:1
FNH:1
FNDA:765,isThisMemberMap
DA:1,11
DA:7,11
DA:11,765
LF:3
LH:3
BRF:0
BRH:0
end_of_record
TN:
SF:/Users/chautran/Code/Projects/@nartc/automapper/src/utils/storeMetadata.ts
FN:4,storeMetadata
FN:14,(anonymous_1)
FN:17,(anonymous_2)
FN:20,(anonymous_3)
FN:24,(anonymous_4)
FN:25,(anonymous_5)
FNF:6
FNH:5
FNDA:203,storeMetadata
FNDA:1483,(anonymous_1)
FNDA:105,(anonymous_2)
FNDA:1,(anonymous_3)
FNDA:1,(anonymous_4)
FNDA:0,(anonymous_5)
DA:1,11
DA:4,11
DA:10,203
DA:14,1483
DA:15,180
DA:17,105
DA:18,20
DA:20,1
DA:21,1
DA:23,2
DA:24,1
DA:25,0
DA:26,2
LF:13
LH:12
BRDA:11,0,0,137
BRDA:11,0,1,171
BRDA:11,0,2,180
BRDA:11,0,3,20
BRDA:11,0,4,1
BRDA:11,0,5,2
BRDA:24,1,0,2
BRDA:24,1,1,0
BRF:8
BRH:7
end_of_record
