TN:
SF:/Users/chautran/Code/Projects/@nartc/automapper/src/automapper.ts
FN:25,(anonymous_0)
FN:31,AutoMapper
FN:35,(anonymous_2)
FN:47,(anonymous_3)
FN:52,(anonymous_4)
FN:104,(anonymous_5)
FN:133,(anonymous_6)
FN:142,(anonymous_7)
FN:162,(anonymous_8)
FN:196,(anonymous_9)
FN:201,(anonymous_10)
FN:210,(anonymous_11)
FN:213,(anonymous_12)
FN:218,(anonymous_13)
FNF:14
FNH:14
FNDA:5,(anonymous_0)
FNDA:8,AutoMapper
FNDA:3,(anonymous_2)
FNDA:86,(anonymous_3)
FNDA:102,(anonymous_4)
FNDA:23,(anonymous_5)
FNDA:1,(anonymous_6)
FNDA:1,(anonymous_7)
FNDA:3,(anonymous_8)
FNDA:2,(anonymous_9)
FNDA:1,(anonymous_10)
FNDA:1,(anonymous_11)
FNDA:26,(anonymous_12)
FNDA:34,(anonymous_13)
DA:1,5
DA:2,5
DA:3,5
DA:11,5
DA:12,5
DA:25,5
DA:32,8
DA:35,5
DA:36,3
DA:37,3
DA:38,2
DA:41,3
DA:42,2
DA:44,3
DA:47,5
DA:48,86
DA:49,85
DA:52,5
DA:72,102
DA:73,102
DA:83,102
DA:84,101
DA:104,5
DA:107,75
DA:108,23
DA:109,23
DA:113,22
DA:133,5
DA:136,3
DA:137,1
DA:138,1
DA:142,1
DA:162,5
DA:165,11
DA:166,3
DA:167,1
DA:170,2
DA:171,2
DA:176,2
DA:196,5
DA:199,7
DA:200,2
DA:201,1
DA:204,1
DA:205,1
DA:210,1
DA:213,5
DA:214,26
DA:215,26
DA:218,5
DA:219,34
DA:220,34
DA:225,5
DA:227,5
LF:54
LH:54
BRDA:37,0,0,2
BRDA:37,0,1,1
BRDA:41,1,0,2
BRDA:41,1,1,1
BRDA:111,2,0,23
BRDA:111,2,1,20
BRDA:140,3,0,1
BRDA:140,3,1,1
BRDA:166,4,0,1
BRDA:166,4,1,2
BRDA:173,5,0,2
BRDA:173,5,1,2
BRDA:200,6,0,1
BRDA:200,6,1,1
BRDA:207,7,0,1
BRDA:207,7,1,1
BRF:16
BRH:16
end_of_record
TN:
SF:/Users/chautran/Code/Projects/@nartc/automapper/src/create-map-metadata.ts
FN:9,(anonymous_0)
FNF:1
FNH:1
FNDA:2,(anonymous_0)
DA:7,3
DA:9,3
DA:15,2
DA:16,2
DA:17,2
DA:18,1
DA:21,1
DA:22,7
DA:24,7
DA:25,7
LF:10
LH:10
BRDA:17,0,0,1
BRDA:17,0,1,1
BRDA:24,1,0,7
BRDA:24,1,1,1
BRDA:24,2,0,1
BRDA:24,2,1,6
BRDA:24,3,0,7
BRDA:24,3,1,7
BRF:8
BRH:8
end_of_record
TN:
SF:/Users/chautran/Code/Projects/@nartc/automapper/src/index.ts
FNF:0
FNH:0
DA:1,3
DA:2,3
DA:3,3
DA:4,3
DA:5,3
DA:6,3
LF:6
LH:6
BRF:0
BRH:0
end_of_record
TN:
SF:/Users/chautran/Code/Projects/@nartc/automapper/src/profile-base.ts
FN:3,(anonymous_0)
FN:6,ProfileBase
FNF:2
FNH:2
FNDA:4,(anonymous_0)
FNDA:86,ProfileBase
DA:3,4
DA:7,86
DA:9,4
LF:3
LH:3
BRF:0
BRH:0
end_of_record
TN:
SF:/Users/chautran/Code/Projects/@nartc/automapper/src/types.ts
FN:15,(anonymous_0)
FN:24,(anonymous_1)
FN:204,(anonymous_2)
FN:370,(anonymous_3)
FNF:4
FNH:4
FNDA:16,(anonymous_0)
FNDA:16,(anonymous_1)
FNDA:16,(anonymous_2)
FNDA:16,(anonymous_3)
DA:15,16
DA:16,16
DA:17,16
DA:18,16
DA:19,16
DA:20,16
DA:21,16
DA:24,16
DA:25,16
DA:26,16
DA:27,16
DA:28,16
DA:29,16
DA:30,16
DA:31,16
DA:32,16
DA:204,16
DA:205,16
DA:206,16
DA:207,16
DA:370,16
DA:371,16
DA:372,16
DA:373,16
DA:374,16
DA:375,16
LF:26
LH:26
BRDA:15,0,0,16
BRDA:15,0,1,16
BRDA:24,1,0,16
BRDA:24,1,1,16
BRDA:204,2,0,16
BRDA:204,2,1,16
BRDA:370,3,0,16
BRDA:370,3,1,16
BRF:8
BRH:8
end_of_record
TN:
SF:/Users/chautran/Code/Projects/@nartc/automapper/src/conventions/camel-case-naming-convention.ts
FN:6,(anonymous_0)
FN:10,(anonymous_2)
FNF:2
FNH:2
FNDA:2846,(anonymous_0)
FNDA:1368,(anonymous_2)
DA:6,6
DA:7,2840
DA:8,2840
DA:10,6
DA:11,1368
DA:13,1368
DA:15,1368
DA:16,2021
DA:17,1368
DA:21,653
DA:27,1368
DA:29,6
LF:12
LH:12
BRDA:16,0,0,1368
BRDA:16,0,1,653
BRF:2
BRH:2
end_of_record
TN:
SF:/Users/chautran/Code/Projects/@nartc/automapper/src/conventions/index.ts
FNF:0
FNH:0
DA:1,5
DA:3,5
DA:4,5
DA:5,5
DA:6,5
LF:5
LH:5
BRF:0
BRH:0
end_of_record
TN:
SF:/Users/chautran/Code/Projects/@nartc/automapper/src/conventions/pascal-case-naming-convention.ts
FN:6,(anonymous_0)
FN:10,(anonymous_2)
FNF:2
FNH:2
FNDA:28,(anonymous_0)
FNDA:6,(anonymous_2)
DA:6,6
DA:7,22
DA:8,22
DA:10,6
DA:11,6
DA:12,6
DA:14,6
DA:15,12
DA:20,6
DA:22,6
LF:10
LH:10
BRF:0
BRH:0
end_of_record
TN:
SF:/Users/chautran/Code/Projects/@nartc/automapper/src/conventions/snake-case-naming-convention.ts
FN:3,(anonymous_0)
FN:7,(anonymous_2)
FN:15,(anonymous_3)
FNF:3
FNH:3
FNDA:40,(anonymous_0)
FNDA:34,(anonymous_2)
FNDA:62,(anonymous_3)
DA:3,6
DA:4,34
DA:5,34
DA:7,6
DA:8,34
DA:10,34
DA:11,8
DA:14,26
DA:15,62
DA:18,6
LF:10
LH:10
BRDA:10,0,0,8
BRDA:10,0,1,26
BRDA:11,1,0,8
BRDA:11,1,1,0
BRF:4
BRH:3
end_of_record
TN:
SF:/Users/chautran/Code/Projects/@nartc/automapper/src/core/create-map-fluent-function.ts
FN:20,createMapFluentFunction
FN:59,(anonymous_1)
FN:79,(anonymous_2)
FN:84,(anonymous_3)
FN:89,(anonymous_4)
FNF:5
FNH:5
FNDA:101,createMapFluentFunction
FNDA:195,(anonymous_1)
FNDA:1,(anonymous_2)
FNDA:2,(anonymous_3)
FNDA:73,(anonymous_4)
DA:1,5
DA:13,5
DA:14,5
DA:15,5
DA:16,5
DA:17,5
DA:18,5
DA:20,5
DA:39,101
DA:41,101
DA:42,2
DA:43,2
DA:48,2
DA:49,2
DA:58,101
DA:61,602
DA:78,195
DA:80,1
DA:81,1
DA:82,1
DA:85,2
DA:86,2
DA:87,2
DA:90,73
DA:91,73
DA:95,101
LF:26
LH:26
BRDA:41,0,0,2
BRDA:41,0,1,99
BRDA:41,1,0,98
BRDA:41,1,1,3
BRDA:41,2,0,101
BRDA:41,2,1,101
BRDA:48,3,0,2
BRDA:48,3,1,0
BRDA:80,4,0,1
BRDA:80,4,1,1
BRDA:85,5,0,2
BRDA:85,5,1,1
BRF:12
BRH:11
end_of_record
TN:
SF:/Users/chautran/Code/Projects/@nartc/automapper/src/core/create-map-for-member.ts
FN:16,createMapForMember
FN:65,(anonymous_1)
FNF:2
FNH:2
FNDA:300,createMapForMember
FNDA:545,(anonymous_1)
DA:1,5
DA:14,5
DA:16,5
DA:26,300
DA:32,300
DA:34,300
DA:35,283
DA:36,283
DA:39,300
DA:40,300
DA:43,109
DA:48,300
DA:56,300
DA:64,300
DA:65,545
DA:68,300
DA:69,86
DA:73,86
DA:76,214
DA:88,214
LF:20
LH:20
BRDA:34,0,0,283
BRDA:34,0,1,17
BRDA:40,1,0,109
BRDA:40,1,1,191
BRDA:49,2,0,59
BRDA:49,2,1,241
BRDA:68,3,0,86
BRDA:68,3,1,214
BRF:8
BRH:8
end_of_record
TN:
SF:/Users/chautran/Code/Projects/@nartc/automapper/src/core/create-mapping-object.ts
FN:11,createMappingObject
FNF:1
FNH:1
FNDA:102,createMappingObject
DA:1,5
DA:11,5
DA:26,102
DA:27,1
DA:37,101
DA:45,101
DA:46,101
LF:7
LH:7
BRDA:26,0,0,1
BRDA:26,0,1,101
BRF:2
BRH:2
end_of_record
TN:
SF:/Users/chautran/Code/Projects/@nartc/automapper/src/core/create-reverse-map-fluent-function.ts
FN:14,createReverseMapFluentFunction
FN:26,(anonymous_1)
FN:43,(anonymous_2)
FN:47,(anonymous_3)
FNF:4
FNH:4
FNDA:73,createReverseMapFluentFunction
FNDA:105,(anonymous_1)
FNDA:1,(anonymous_2)
FNDA:2,(anonymous_3)
DA:1,5
DA:12,5
DA:14,5
DA:25,73
DA:28,315
DA:37,105
DA:44,1
DA:45,1
DA:48,2
DA:49,2
DA:53,73
LF:11
LH:11
BRF:0
BRH:0
end_of_record
TN:
SF:/Users/chautran/Code/Projects/@nartc/automapper/src/core/create-reverse-mapping-object.ts
FN:7,createReverseMappingObject
FNF:1
FNH:1
FNDA:73,createReverseMappingObject
DA:1,5
DA:2,5
DA:3,5
DA:4,5
DA:5,5
DA:7,5
DA:15,73
DA:16,73
DA:19,73
DA:21,73
DA:22,73
DA:23,1
DA:26,72
DA:34,72
DA:35,1
DA:40,1
DA:41,1
DA:45,72
DA:46,72
LF:19
LH:19
BRDA:22,0,0,1
BRDA:22,0,1,72
BRDA:31,1,0,71
BRDA:31,1,1,1
BRDA:31,2,0,72
BRDA:31,2,1,72
BRDA:34,3,0,1
BRDA:34,3,1,71
BRDA:40,4,0,1
BRDA:40,4,1,0
BRF:10
BRH:9
end_of_record
TN:
SF:/Users/chautran/Code/Projects/@nartc/automapper/src/core/get-map-props.ts
FN:4,getMapProps
FNF:1
FNH:1
FNDA:27,getMapProps
DA:2,5
DA:4,5
DA:14,27
DA:16,27
DA:17,21
DA:20,6
DA:21,1
DA:24,5
DA:26,5
DA:31,2
DA:34,3
LF:11
LH:11
BRDA:16,0,0,21
BRDA:16,0,1,6
BRDA:20,1,0,1
BRDA:20,1,1,5
BRDA:26,2,0,2
BRDA:26,2,1,3
BRDA:27,3,0,5
BRDA:27,3,1,3
BRDA:27,3,2,5
BRDA:27,3,3,2
BRF:10
BRH:10
end_of_record
TN:
SF:/Users/chautran/Code/Projects/@nartc/automapper/src/core/get-mapping-for-destination.ts
FN:4,getMappingForDestination
FNF:1
FNH:1
FNDA:48,getMappingForDestination
DA:1,5
DA:4,5
DA:10,93
DA:12,48
DA:14,48
DA:15,1
DA:20,47
LF:7
LH:7
BRDA:10,0,0,45
BRDA:10,0,1,3
BRDA:14,1,0,1
BRDA:14,1,1,47
BRDA:14,2,0,48
BRDA:14,2,1,1
BRF:6
BRH:6
end_of_record
TN:
SF:/Users/chautran/Code/Projects/@nartc/automapper/src/core/get-mapping-for-nested-key.ts
FN:4,getMappingForNestedKey
FNF:1
FNH:1
FNDA:7,getMappingForNestedKey
DA:1,5
DA:4,5
DA:13,7
DA:18,7
DA:19,7
DA:20,1
DA:25,6
DA:26,6
DA:27,1
DA:32,5
LF:10
LH:10
BRDA:18,0,0,0
BRDA:18,0,1,7
BRDA:18,1,0,7
BRDA:18,1,1,7
BRDA:19,2,0,1
BRDA:19,2,1,6
BRDA:19,3,0,7
BRDA:19,3,1,7
BRDA:26,4,0,1
BRDA:26,4,1,5
BRF:10
BRH:9
end_of_record
TN:
SF:/Users/chautran/Code/Projects/@nartc/automapper/src/core/index.ts
FNF:0
FNH:0
DA:1,5
DA:2,5
DA:4,5
DA:5,5
DA:7,5
DA:8,5
DA:10,5
DA:11,5
DA:12,5
DA:13,5
DA:14,5
DA:15,5
DA:16,5
LF:13
LH:13
BRF:0
BRH:0
end_of_record
TN:
SF:/Users/chautran/Code/Projects/@nartc/automapper/src/core/inherit-base-mapping.ts
FN:9,inheritBaseMapping
FN:25,(anonymous_2)
FN:25,(anonymous_3)
FNF:3
FNH:3
FNDA:3,inheritBaseMapping
FNDA:33,(anonymous_2)
FNDA:24,(anonymous_3)
DA:1,5
DA:9,5
DA:18,3
DA:19,3
DA:20,9
DA:24,9
DA:25,33
DA:29,3
DA:31,3
LF:9
LH:9
BRDA:25,0,0,6
BRDA:25,0,1,3
BRF:2
BRH:2
end_of_record
TN:
SF:/Users/chautran/Code/Projects/@nartc/automapper/src/core/initialize-mapping-props.ts
FN:7,initializeMappingProps
FN:47,(anonymous_1)
FN:55,(anonymous_2)
FNF:3
FNH:3
FNDA:101,initializeMappingProps
FNDA:173,(anonymous_1)
FNDA:10,(anonymous_2)
DA:1,5
DA:2,5
DA:3,5
DA:4,5
DA:5,5
DA:7,5
DA:11,101
DA:12,101
DA:14,101
DA:15,101
DA:16,101
DA:17,1
DA:20,101
DA:21,101
DA:22,101
DA:23,101
DA:24,732
DA:25,732
DA:29,732
DA:30,732
DA:31,411
DA:32,411
DA:36,411
DA:40,321
DA:44,123
DA:47,173
DA:48,123
DA:49,116
DA:52,7
DA:56,10
DA:64,7
DA:65,3
DA:76,7
DA:87,7
DA:90,198
LF:35
LH:35
BRDA:16,0,0,1
BRDA:16,0,1,100
BRDA:16,1,0,0
BRDA:16,1,1,101
BRDA:16,2,0,101
BRDA:16,2,1,101
BRDA:30,3,0,411
BRDA:30,3,1,321
BRDA:32,4,0,411
BRDA:32,4,1,0
BRDA:33,5,0,411
BRDA:33,5,1,239
BRDA:33,5,2,239
BRDA:40,6,0,123
BRDA:40,6,1,198
BRDA:41,7,0,321
BRDA:41,7,1,123
BRDA:48,8,0,116
BRDA:48,8,1,7
BRDA:48,9,0,123
BRDA:48,9,1,47
BRDA:64,10,0,3
BRDA:64,10,1,4
BRF:23
BRH:21
end_of_record
TN:
SF:/Users/chautran/Code/Projects/@nartc/automapper/src/core/initialize-reverse-mapping-props.ts
FN:18,initializeReverseMappingProps
FN:67,(anonymous_2)
FNF:2
FNH:2
FNDA:72,initializeReverseMappingProps
FNDA:121,(anonymous_2)
DA:1,5
DA:2,5
DA:14,5
DA:15,5
DA:16,5
DA:18,5
DA:31,72
DA:32,72
DA:36,72
DA:38,72
DA:39,72
DA:40,235
DA:41,235
DA:43,235
DA:51,166
DA:65,166
DA:67,121
DA:72,130
DA:85,72
LF:19
LH:19
BRDA:43,0,0,69
BRDA:43,0,1,166
BRDA:44,1,0,235
BRDA:44,1,1,122
BRDA:44,1,2,86
BRDA:52,2,0,113
BRDA:52,2,1,53
BRDA:57,3,0,17
BRDA:57,3,1,36
BRDA:62,4,0,36
BRDA:62,4,1,0
BRDA:65,5,0,36
BRDA:65,5,1,130
BRDA:66,6,0,166
BRDA:66,6,1,36
BRDA:66,6,2,130
BRF:16
BRH:15
end_of_record
TN:
SF:/Users/chautran/Code/Projects/@nartc/automapper/src/core/instantiate.ts
FN:5,instantiate
FNF:1
FNH:1
FNDA:642,instantiate
DA:1,5
DA:3,5
DA:5,5
DA:7,1276
DA:9,642
DA:11,642
DA:12,8
DA:15,634
DA:17,2227
DA:18,2227
DA:19,2227
DA:20,1790
DA:21,1790
DA:24,437
DA:25,13
DA:26,13
DA:29,424
DA:33,119
DA:36,119
DA:39,305
DA:45,634
LF:21
LH:21
BRDA:7,0,0,634
BRDA:7,0,1,8
BRDA:11,1,0,8
BRDA:11,1,1,634
BRDA:11,2,0,642
BRDA:11,2,1,634
BRDA:19,3,0,1790
BRDA:19,3,1,437
BRDA:20,4,0,1790
BRDA:20,4,1,1778
BRDA:20,5,0,0
BRDA:20,5,1,1790
BRDA:20,6,0,1790
BRDA:20,6,1,1790
BRDA:24,7,0,13
BRDA:24,7,1,424
BRDA:25,8,0,13
BRDA:25,8,1,13
BRDA:25,9,0,0
BRDA:25,9,1,13
BRDA:25,10,0,13
BRDA:25,10,1,13
BRDA:29,11,0,119
BRDA:29,11,1,305
BRDA:30,12,0,424
BRDA:30,12,1,305
BRDA:34,13,0,1
BRDA:34,13,1,118
BRDA:33,14,0,0
BRDA:33,14,1,119
BRDA:33,15,0,119
BRDA:33,15,1,119
BRDA:34,16,0,0
BRDA:34,16,1,1
BRDA:34,17,0,1
BRDA:34,17,1,1
BRDA:41,18,0,0
BRDA:41,18,1,305
BRDA:40,19,0,305
BRDA:40,19,1,305
BRF:40
BRH:35
end_of_record
TN:
SF:/Users/chautran/Code/Projects/@nartc/automapper/src/core/map.ts
FN:30,map
FN:212,mapArray
FNF:2
FNH:2
FNDA:57,map
FNDA:9,mapArray
DA:1,5
DA:2,5
DA:17,5
DA:26,5
DA:27,5
DA:28,5
DA:30,5
DA:36,94
DA:40,97
DA:42,57
DA:43,57
DA:44,57
DA:45,57
DA:46,57
DA:48,57
DA:49,2
DA:51,57
DA:52,57
DA:53,57
DA:55,57
DA:57,57
DA:58,40
DA:59,3
DA:60,37
DA:61,2
DA:65,57
DA:66,57
DA:67,173
DA:68,173
DA:70,173
DA:71,3
DA:72,3
DA:75,170
DA:81,21
DA:82,21
DA:85,149
DA:90,149
DA:96,81
DA:99,81
DA:100,3
DA:101,3
DA:104,78
DA:105,22
DA:106,2
DA:107,2
DA:110,20
DA:111,9
DA:112,9
DA:113,1
DA:114,1
DA:117,8
DA:118,1
DA:119,1
DA:122,7
DA:127,5
DA:132,5
DA:136,67
DA:141,11
DA:145,11
DA:146,11
DA:149,56
DA:150,56
DA:153,68
DA:154,68
DA:164,10
DA:168,58
DA:174,45
DA:179,13
DA:193,13
DA:198,68
DA:201,55
DA:202,38
DA:203,3
DA:204,35
DA:205,4
DA:209,55
DA:212,5
DA:218,17
DA:223,9
DA:224,9
DA:226,9
DA:227,1
DA:230,9
DA:231,9
DA:232,17
DA:233,17
DA:236,9
DA:237,1
DA:240,9
LF:89
LH:89
BRDA:36,0,0,37
BRDA:36,0,1,20
BRDA:40,1,0,40
BRDA:40,1,1,17
BRDA:48,2,0,2
BRDA:48,2,1,55
BRDA:51,3,0,57
BRDA:51,3,1,39
BRDA:57,4,0,40
BRDA:57,4,1,17
BRDA:58,5,0,3
BRDA:58,5,1,37
BRDA:60,6,0,2
BRDA:60,6,1,35
BRDA:70,7,0,3
BRDA:70,7,1,170
BRDA:70,8,0,173
BRDA:70,8,1,5
BRDA:71,9,0,3
BRDA:71,9,1,0
BRDA:71,10,0,3
BRDA:71,10,1,3
BRDA:71,11,0,0
BRDA:71,11,1,3
BRDA:71,12,0,3
BRDA:71,12,1,3
BRDA:75,13,0,21
BRDA:75,13,1,149
BRDA:90,14,0,81
BRDA:90,14,1,68
BRDA:99,15,0,3
BRDA:99,15,1,78
BRDA:104,16,0,22
BRDA:104,16,1,56
BRDA:105,17,0,2
BRDA:105,17,1,20
BRDA:110,18,0,9
BRDA:110,18,1,11
BRDA:112,19,0,1
BRDA:112,19,1,8
BRDA:117,20,0,1
BRDA:117,20,1,7
BRDA:136,21,0,11
BRDA:136,21,1,56
BRDA:137,22,0,67
BRDA:137,22,1,56
BRDA:137,22,2,11
BRDA:154,23,0,10
BRDA:154,23,1,58
BRDA:155,24,0,68
BRDA:155,24,1,63
BRDA:168,25,0,45
BRDA:168,25,1,13
BRDA:179,26,0,13
BRDA:179,26,1,0
BRDA:180,27,0,13
BRDA:180,27,1,8
BRDA:180,27,2,5
BRDA:201,28,0,38
BRDA:201,28,1,17
BRDA:202,29,0,3
BRDA:202,29,1,35
BRDA:204,30,0,4
BRDA:204,30,1,31
BRDA:218,31,0,8
BRDA:218,31,1,1
BRDA:226,32,0,1
BRDA:226,32,1,8
BRDA:236,33,0,1
BRDA:236,33,1,8
BRF:70
BRH:67
end_of_record
TN:
SF:/Users/chautran/Code/Projects/@nartc/automapper/src/decorators/automap.decorator.ts
FN:5,(anonymous_0)
FN:5,(anonymous_1)
FNF:2
FNH:2
FNDA:257,(anonymous_0)
FNDA:257,(anonymous_1)
DA:1,5
DA:3,5
DA:5,257
DA:9,257
DA:10,31
DA:14,226
DA:19,226
DA:20,226
LF:8
LH:8
BRDA:9,0,0,31
BRDA:9,0,1,226
BRDA:19,1,0,226
BRDA:19,1,1,0
BRF:4
BRH:3
end_of_record
TN:
SF:/Users/chautran/Code/Projects/@nartc/automapper/src/decorators/index.ts
FNF:0
FNH:0
DA:1,4
LF:1
LH:1
BRF:0
BRH:0
end_of_record
TN:
SF:/Users/chautran/Code/Projects/@nartc/automapper/src/explorers/index.ts
FNF:0
FNH:0
DA:1,5
LF:1
LH:1
BRF:0
BRH:0
end_of_record
TN:
SF:/Users/chautran/Code/Projects/@nartc/automapper/src/explorers/metadata.explorer.ts
FN:5,(anonymous_0)
FN:10,(anonymous_2)
FN:15,(anonymous_3)
FN:21,(anonymous_4)
FN:40,(anonymous_5)
FNF:5
FNH:4
FNDA:6,(anonymous_0)
FNDA:102,(anonymous_2)
FNDA:4,(anonymous_3)
FNDA:210,(anonymous_4)
FNDA:0,(anonymous_5)
DA:1,6
DA:3,6
DA:5,6
DA:6,6
DA:7,6
DA:10,6
DA:11,102
DA:12,102
DA:15,14
DA:16,8
DA:17,6
DA:21,6
DA:22,210
DA:23,1
DA:26,209
DA:27,209
DA:28,204
DA:31,5
DA:32,5
DA:34,5
DA:35,2
DA:38,10
DA:39,10
DA:40,1
DA:41,1
DA:44,9
DA:46,9
DA:47,9
DA:50,3
DA:52,6
LF:30
LH:30
BRDA:22,0,0,1
BRDA:22,0,1,209
BRDA:22,1,0,210
BRDA:22,1,1,210
BRDA:27,2,0,204
BRDA:27,2,1,5
BRDA:34,3,0,2
BRDA:34,3,1,3
BRDA:39,4,0,1
BRDA:39,4,1,9
BRDA:46,5,0,9
BRDA:46,5,1,0
BRDA:46,6,0,0
BRDA:46,6,1,9
BRDA:46,7,0,9
BRDA:46,7,1,9
BRDA:46,8,0,0
BRDA:46,8,1,9
BRDA:46,9,0,9
BRDA:46,9,1,9
BRF:20
BRH:17
end_of_record
TN:
SF:/Users/chautran/Code/Projects/@nartc/automapper/src/member-functions/condition.ts
FN:10,condition
FN:21,(anonymous_1)
FNF:2
FNH:2
FNDA:22,condition
FNDA:9,(anonymous_1)
DA:1,4
DA:8,4
DA:10,4
DA:18,22
DA:21,27
DA:22,9
DA:23,4
DA:26,5
LF:8
LH:8
BRDA:22,0,0,4
BRDA:22,0,1,5
BRDA:26,1,0,5
BRDA:26,1,1,1
BRF:4
BRH:4
end_of_record
TN:
SF:/Users/chautran/Code/Projects/@nartc/automapper/src/member-functions/convert-using.ts
FN:10,convertUsing
FN:22,(anonymous_1)
FNF:2
FNH:2
FNDA:19,convertUsing
FNDA:6,(anonymous_1)
DA:1,4
DA:10,4
DA:19,19
DA:22,6
LF:4
LH:4
BRF:0
BRH:0
end_of_record
TN:
SF:/Users/chautran/Code/Projects/@nartc/automapper/src/member-functions/from-value.ts
FN:8,fromValue
FN:15,(anonymous_1)
FNF:2
FNH:2
FNDA:20,fromValue
FNDA:4,(anonymous_1)
DA:1,4
DA:8,4
DA:15,20
LF:3
LH:3
BRF:0
BRH:0
end_of_record
TN:
SF:/Users/chautran/Code/Projects/@nartc/automapper/src/member-functions/ignore.ts
FN:3,ignore
FN:4,(anonymous_1)
FNF:2
FNH:2
FNDA:107,ignore
FNDA:1,(anonymous_1)
DA:1,4
DA:3,4
DA:4,107
LF:3
LH:3
BRF:0
BRH:0
end_of_record
TN:
SF:/Users/chautran/Code/Projects/@nartc/automapper/src/member-functions/index.ts
FNF:0
FNH:0
DA:1,3
DA:2,3
DA:3,3
DA:4,3
DA:5,3
DA:6,3
DA:7,3
DA:8,3
LF:8
LH:8
BRF:0
BRH:0
end_of_record
TN:
SF:/Users/chautran/Code/Projects/@nartc/automapper/src/member-functions/map-from.ts
FN:11,mapFrom
FN:23,(anonymous_1)
FNF:2
FNH:2
FNDA:112,mapFrom
FNDA:47,(anonymous_1)
DA:1,5
DA:9,5
DA:11,5
DA:20,112
DA:24,47
DA:25,1
DA:28,46
LF:7
LH:7
BRDA:24,0,0,1
BRDA:24,0,1,46
BRF:2
BRH:2
end_of_record
TN:
SF:/Users/chautran/Code/Projects/@nartc/automapper/src/member-functions/map-initialize.ts
FN:9,mapInitialize
FN:19,(anonymous_1)
FNF:2
FNH:2
FNDA:337,mapInitialize
FNDA:82,(anonymous_1)
DA:1,6
DA:7,6
DA:9,6
DA:14,1013
DA:16,337
DA:19,82
LF:6
LH:6
BRF:0
BRH:0
end_of_record
TN:
SF:/Users/chautran/Code/Projects/@nartc/automapper/src/member-functions/map-with.ts
FN:13,mapWith
FN:24,(anonymous_1)
FNF:2
FNH:2
FNDA:22,mapWith
FNDA:10,(anonymous_1)
DA:1,4
DA:2,4
DA:11,4
DA:13,4
DA:21,22
DA:25,10
DA:26,10
DA:27,1
DA:30,9
DA:31,1
DA:34,1
DA:37,8
DA:38,2
DA:39,1
DA:42,1
DA:46,1
DA:49,6
DA:53,6
LF:18
LH:18
BRDA:26,0,0,1
BRDA:26,0,1,9
BRDA:30,1,0,1
BRDA:30,1,1,8
BRDA:37,2,0,2
BRDA:37,2,1,6
BRDA:38,3,0,1
BRDA:38,3,1,1
BRF:8
BRH:8
end_of_record
TN:
SF:/Users/chautran/Code/Projects/@nartc/automapper/src/member-functions/null-substitution.ts
FN:9,nullSubstitution
FN:21,(anonymous_1)
FNF:2
FNH:2
FNDA:20,nullSubstitution
FNDA:7,(anonymous_1)
DA:1,4
DA:7,4
DA:9,4
DA:18,20
DA:21,21
DA:22,7
LF:6
LH:6
BRF:0
BRH:0
end_of_record
TN:
SF:/Users/chautran/Code/Projects/@nartc/automapper/src/member-functions/pre-condition.ts
FN:8,preCondition
FN:16,(anonymous_1)
FNF:2
FNH:2
FNDA:21,preCondition
FNDA:7,(anonymous_1)
DA:8,4
DA:16,21
LF:2
LH:2
BRF:0
BRH:0
end_of_record
TN:
SF:/Users/chautran/Code/Projects/@nartc/automapper/src/storages/index.ts
FNF:0
FNH:0
DA:1,11
DA:2,11
DA:3,11
LF:3
LH:3
BRF:0
BRH:0
end_of_record
TN:
SF:/Users/chautran/Code/Projects/@nartc/automapper/src/storages/mapping.storage.ts
FN:7,(anonymous_0)
FN:10,MappingStorage
FN:17,(anonymous_2)
FN:29,(anonymous_3)
FN:33,(anonymous_4)
FN:41,(anonymous_5)
FNF:6
FNH:6
FNDA:11,(anonymous_0)
FNDA:11,MappingStorage
FNDA:177,(anonymous_2)
FNDA:134,(anonymous_3)
FNDA:283,(anonymous_4)
FNDA:33,(anonymous_5)
DA:7,11
DA:11,11
DA:17,11
DA:22,177
DA:29,11
DA:30,134
DA:33,11
DA:34,283
DA:41,11
DA:42,33
DA:47,11
DA:49,11
LF:12
LH:12
BRDA:22,0,0,177
BRDA:22,0,1,177
BRDA:30,1,0,76
BRDA:30,1,1,58
BRDA:30,2,0,134
BRDA:30,2,1,134
BRDA:35,3,0,283
BRDA:35,3,1,3
BRDA:35,3,2,280
BRDA:36,4,0,0
BRDA:36,4,1,3
BRDA:35,5,0,3
BRDA:35,5,1,3
BRF:13
BRH:12
end_of_record
TN:
SF:/Users/chautran/Code/Projects/@nartc/automapper/src/storages/metadata.storage.ts
FN:9,(anonymous_0)
FN:12,(anonymous_2)
FN:18,(anonymous_3)
FN:22,(anonymous_4)
FN:25,(anonymous_5)
FNF:5
FNH:5
FNDA:24,(anonymous_0)
FNDA:651,(anonymous_2)
FNDA:8,(anonymous_3)
FNDA:25,(anonymous_4)
FNDA:271,(anonymous_5)
DA:2,12
DA:9,12
DA:10,12
DA:12,12
DA:15,651
DA:18,12
DA:22,25
DA:25,12
DA:29,271
DA:30,271
DA:31,271
DA:35,271
DA:41,12
DA:43,12
LF:14
LH:14
BRDA:29,0,0,271
BRDA:29,0,1,86
BRDA:32,1,0,271
BRDA:32,1,1,0
BRDA:32,2,0,271
BRDA:32,2,1,244
BRF:6
BRH:5
end_of_record
TN:
SF:/Users/chautran/Code/Projects/@nartc/automapper/src/storages/profile.storage.ts
FN:9,(anonymous_0)
FN:12,ProfileStorage
FN:21,(anonymous_2)
FN:31,(anonymous_3)
FN:33,(anonymous_4)
FNF:5
FNH:5
FNDA:11,(anonymous_0)
FNDA:11,ProfileStorage
FNDA:34,(anonymous_2)
FNDA:86,(anonymous_3)
FNDA:159,(anonymous_4)
DA:9,11
DA:13,11
DA:21,11
DA:22,34
DA:31,11
DA:32,86
DA:33,159
DA:34,1
DA:39,85
DA:41,11
DA:43,11
LF:11
LH:11
BRDA:33,0,0,1
BRDA:33,0,1,85
BRF:2
BRH:2
end_of_record
TN:
SF:/Users/chautran/Code/Projects/@nartc/automapper/src/utils/get.ts
FN:4,get
FN:9,_getInternal
FN:11,(anonymous_2)
FNF:3
FNH:3
FNDA:104,get
FNDA:107,_getInternal
FNDA:120,(anonymous_2)
DA:1,11
DA:2,11
DA:4,11
DA:6,104
DA:7,315
DA:10,107
DA:11,120
DA:12,107
DA:13,107
DA:18,104
DA:19,104
DA:20,3
DA:21,0
DA:23,3
DA:26,104
LF:15
LH:14
BRDA:6,0,0,0
BRDA:6,0,1,104
BRDA:11,1,0,120
BRDA:11,1,1,117
BRDA:14,2,0,96
BRDA:14,2,1,11
BRDA:13,3,0,107
BRDA:13,3,1,98
BRDA:20,4,0,0
BRDA:20,4,1,3
BRDA:20,5,0,3
BRDA:20,5,1,0
BRF:12
BRH:9
end_of_record
TN:
SF:/Users/chautran/Code/Projects/@nartc/automapper/src/utils/getMemberPath.ts
FN:4,getMemberPath
FN:11,isArrowFn
FN:15,removeExtraForArrow
FN:28,removeExtraForFunction
FNF:4
FNH:3
FNDA:462,getMemberPath
FNDA:462,isArrowFn
FNDA:0,removeExtraForArrow
FNDA:462,removeExtraForFunction
DA:2,11
DA:4,11
DA:5,462
DA:6,462
DA:12,462
DA:16,0
DA:17,0
DA:18,0
DA:20,0
DA:21,0
DA:22,0
DA:25,0
DA:29,462
LF:13
LH:6
BRDA:7,0,0,0
BRDA:7,0,1,462
BRDA:20,1,0,0
BRDA:20,1,1,0
BRDA:20,2,0,0
BRDA:20,2,1,0
BRDA:20,3,0,0
BRDA:20,3,1,0
BRDA:20,4,0,0
BRDA:20,4,1,0
BRF:10
BRH:1
end_of_record
TN:
SF:/Users/chautran/Code/Projects/@nartc/automapper/src/utils/getPathFromSelector.ts
FN:1,getPathFromSelector
FNF:1
FNH:1
FNDA:462,getPathFromSelector
DA:1,11
DA:2,462
DA:7,462
DA:8,376
DA:11,86
LF:5
LH:5
BRDA:7,0,0,376
BRDA:7,0,1,86
BRF:2
BRH:2
end_of_record
TN:
SF:/Users/chautran/Code/Projects/@nartc/automapper/src/utils/getPathRecursive.ts
FN:4,getPathRecursive
FN:49,removeFromPath
FNF:2
FNH:2
FNDA:389,getPathRecursive
FNDA:975,removeFromPath
DA:1,12
DA:2,12
DA:4,12
DA:6,492
DA:9,389
DA:11,389
DA:12,1
DA:15,388
DA:16,388
DA:17,736
DA:18,736
DA:19,736
DA:20,736
DA:23,736
DA:24,736
DA:25,96
DA:26,96
DA:27,4
DA:30,192
DA:31,92
DA:32,499
DA:33,499
DA:34,1
DA:36,498
DA:42,388
DA:43,194
DA:46,388
DA:50,975
LF:28
LH:28
BRDA:6,0,0,103
BRDA:6,0,1,286
BRDA:9,1,0,389
BRDA:9,1,1,195
BRDA:11,2,0,1
BRDA:11,2,1,388
BRDA:19,3,0,736
BRDA:19,3,1,0
BRDA:24,4,0,96
BRDA:24,4,1,640
BRDA:26,5,0,4
BRDA:26,5,1,92
BRDA:33,6,0,1
BRDA:33,6,1,498
BRDA:42,7,0,194
BRDA:42,7,1,194
BRDA:51,8,0,975
BRDA:51,8,1,781
BRDA:51,8,2,778
BRDA:51,8,3,775
BRDA:51,8,4,772
BRDA:51,8,5,769
BRDA:51,8,6,766
BRDA:51,8,7,763
BRDA:51,8,8,760
BRDA:51,8,9,753
BRDA:51,8,10,746
BRDA:51,8,11,743
BRF:28
BRH:27
end_of_record
TN:
SF:/Users/chautran/Code/Projects/@nartc/automapper/src/utils/getProto.ts
FN:1,getProto
FNF:1
FNH:1
FNDA:739,getProto
DA:1,13
DA:2,739
LF:2
LH:2
BRDA:3,0,0,739
BRDA:3,0,1,0
BRDA:3,0,2,0
BRF:3
BRH:1
end_of_record
TN:
SF:/Users/chautran/Code/Projects/@nartc/automapper/src/utils/getSourcePropertyKey.ts
FN:4,getSourcePropertyKey
FN:14,(anonymous_1)
FNF:2
FNH:2
FNDA:1788,getSourcePropertyKey
FNDA:907,(anonymous_1)
DA:2,11
DA:4,11
DA:5,1788
DA:11,1788
DA:12,411
DA:15,907
DA:23,1377
DA:26,1377
LF:8
LH:8
BRDA:11,0,0,411
BRDA:11,0,1,1377
BRDA:27,1,0,0
BRDA:27,1,1,1377
BRF:4
BRH:3
end_of_record
TN:
SF:/Users/chautran/Code/Projects/@nartc/automapper/src/utils/getTag.ts
FN:3,getTag
FNF:1
FNH:1
FNDA:3433,getTag
DA:1,13
DA:3,13
DA:4,3433
DA:5,1418
DA:8,2015
LF:5
LH:5
BRDA:4,0,0,1418
BRDA:4,0,1,2015
BRDA:5,1,0,1415
BRDA:5,1,1,3
BRF:4
BRH:4
end_of_record
TN:
SF:/Users/chautran/Code/Projects/@nartc/automapper/src/utils/index.ts
FNF:0
FNH:0
DA:1,11
DA:3,11
DA:4,11
DA:5,11
DA:6,11
DA:7,11
DA:8,11
DA:9,11
DA:11,11
DA:12,11
DA:13,11
DA:14,11
DA:15,11
DA:16,11
LF:14
LH:14
BRF:0
BRH:0
end_of_record
TN:
SF:/Users/chautran/Code/Projects/@nartc/automapper/src/utils/isClass.ts
FN:1,isClass
FNF:1
FNH:1
FNDA:262,isClass
DA:1,11
DA:2,262
LF:2
LH:2
BRDA:3,0,0,262
BRDA:3,0,1,1
BRDA:3,0,2,261
BRDA:3,0,3,261
BRDA:3,0,4,0
BRDA:3,0,5,261
BRF:6
BRH:5
end_of_record
TN:
SF:/Users/chautran/Code/Projects/@nartc/automapper/src/utils/isDate.ts
FN:4,isDate
FNF:1
FNH:1
FNDA:22,isDate
DA:1,11
DA:2,11
DA:4,11
DA:5,22
LF:4
LH:4
BRF:0
BRH:0
end_of_record
TN:
SF:/Users/chautran/Code/Projects/@nartc/automapper/src/utils/isEmpty.ts
FN:4,isEmpty
FNF:1
FNH:1
FNDA:664,isEmpty
DA:1,12
DA:2,12
DA:4,12
DA:5,664
DA:6,664
DA:7,1
DA:10,663
DA:11,15
DA:14,648
DA:15,637
DA:18,11
LF:11
LH:11
BRDA:6,0,0,1
BRDA:6,0,1,663
BRDA:10,1,0,15
BRDA:10,1,1,648
BRDA:14,2,0,637
BRDA:14,2,1,11
BRF:6
BRH:6
end_of_record
TN:
SF:/Users/chautran/Code/Projects/@nartc/automapper/src/utils/isNestedPath.ts
FN:1,isNestedPath
FNF:1
FNH:1
FNDA:1788,isNestedPath
DA:1,11
DA:2,1788
LF:2
LH:2
BRF:0
BRH:0
end_of_record
TN:
SF:/Users/chautran/Code/Projects/@nartc/automapper/src/utils/isObjectLike.ts
FN:4,isObjectLike
FNF:1
FNH:1
FNDA:1211,isObjectLike
DA:1,12
DA:2,12
DA:4,12
DA:5,1211
LF:4
LH:4
BRDA:6,0,0,1211
BRDA:6,0,1,721
BRDA:6,0,2,708
BRF:3
BRH:3
end_of_record
TN:
SF:/Users/chautran/Code/Projects/@nartc/automapper/src/utils/isResolver.ts
FN:3,isResolver
FNF:1
FNH:1
FNDA:47,isResolver
DA:3,11
DA:6,47
LF:2
LH:2
BRF:0
BRH:0
end_of_record
TN:
SF:/Users/chautran/Code/Projects/@nartc/automapper/src/utils/isThisMemberMap.ts
FN:7,isThisMemberMap
FNF:1
FNH:1
FNDA:923,isThisMemberMap
DA:1,11
DA:7,11
DA:11,923
LF:3
LH:3
BRF:0
BRH:0
end_of_record
TN:
SF:/Users/chautran/Code/Projects/@nartc/automapper/src/utils/storeMetadata.ts
FN:4,storeMetadata
FN:14,(anonymous_1)
FN:17,(anonymous_2)
FN:20,(anonymous_3)
FN:23,(anonymous_4)
FNF:5
FNH:5
FNDA:242,storeMetadata
FNDA:1790,(anonymous_1)
FNDA:119,(anonymous_2)
FNDA:14,(anonymous_3)
FNDA:1,(anonymous_4)
DA:1,11
DA:4,11
DA:10,242
DA:14,1790
DA:15,204
DA:17,119
DA:18,23
DA:20,14
DA:21,13
DA:23,2
DA:24,2
LF:11
LH:11
BRDA:11,0,0,161
BRDA:11,0,1,195
BRDA:11,0,2,204
BRDA:11,0,3,23
BRDA:11,0,4,13
BRDA:11,0,5,2
BRF:6
BRH:6
end_of_record
